<?xml version="1.0" encoding="UTF-8"?>
<testsuite xmlns:xsi="http://www.w3.org/2001/XMLSchema-instance" xsi:noNamespaceSchemaLocation="https://maven.apache.org/surefire/maven-surefire-plugin/xsd/surefire-test-report.xsd" name="conduitApp.ConduitTest" time="3.555" tests="1" errors="1" skipped="0" failures="0">
  <properties>
[...]
</properties>
  <testcase name="testParallel" classname="conduitApp.ConduitTest" time="3.55">
    <error message="&apos;boolean org.apache.commons.lang3.ObjectUtils.isNotEmpty(java.lang.Object)&apos;" type="java.lang.NoSuchMethodError">java.lang.NoSuchMethodError: 'boolean org.apache.commons.lang3.ObjectUtils.isNotEmpty(java.lang.Object)'
	at conduitApp.ConduitTest.generateReport(ConduitTest.java:36)
	at conduitApp.ConduitTest.testParallel(ConduitTest.java:26)
</error>
    <system-out><![CDATA[08:17:58.853 [main] INFO  com.intuit.karate.Runner - using system property 'karate.options': --tags @debug
08:17:59.396 [main] DEBUG com.intuit.karate.Suite - [config] classpath:karate-config.js
08:17:59.397 [main] INFO  com.intuit.karate.Suite - backed up existing 'target/karate-reports' dir to: target/karate-reports_1675293479397
08:17:59.401 [main] DEBUG com.intuit.karate.Suite - waiting for 5 features to complete
08:17:59.995 [pool-1-thread-1] INFO  com.intuit.karate - karate.env system property was: null 
08:18:00.002 [pool-1-thread-1] INFO  com.intuit.karate - >> lock acquired, begin callSingle: classpath:helpers/createToken.feature
08:18:00.255 [pool-1-thread-1] DEBUG com.intuit.karate - request:
1 > POST https://api.realworld.io/api/users/login
1 > Content-Type: application/json; charset=UTF-8
1 > Content-Length: 65
1 > Host: api.realworld.io
1 > Connection: Keep-Alive
1 > User-Agent: Apache-HttpClient/4.5.13 (Java/19.0.1)
1 > Accept-Encoding: gzip,deflate
{"user":{"email":"trabuch21@gmail.com","password":"Pokemon1411"}}

08:18:01.165 [pool-1-thread-1] DEBUG com.intuit.karate - response time in milliseconds: 908
1 < 200
1 < Date: Wed, 01 Feb 2023 23:18:01 GMT
1 < Content-Type: application/json; charset=utf-8
1 < Transfer-Encoding: chunked
1 < Connection: keep-alive
1 < X-Powered-By: Express
1 < Access-Control-Allow-Origin: *
1 < Etag: W/"158-HIXjmKOo2Z1XqOfInVSMXHrvuTU"
1 < Via: 1.1 vegur
1 < CF-Cache-Status: DYNAMIC
1 < Report-To: {"endpoints":[{"url":"https:\/\/a.nel.cloudflare.com\/report\/v3?s=aU8AG7MT7ZW1G30S6tsw75dPqN4gKceIjKEg7X4Pm%2BQT9KvmW9cS9I8zRW3buE0eVlEb6s5fvLhsSAZHIqA5hGRSVDQsMST4n5BOGzSn5s%2FLRSM6Gy%2BQiM6QqPvNyBm20%2FI5"}],"group":"cf-nel","max_age":604800}
1 < NEL: {"success_fraction":0,"report_to":"cf-nel","max_age":604800}
1 < Server: cloudflare
1 < CF-RAY: 792e675e7a7adfed-NRT
1 < alt-svc: h3=":443"; ma=86400, h3-29=":443"; ma=86400
{"user":{"email":"trabuch21@gmail.com","username":"trabuch21","bio":null,"image":"https://api.realworld.io/images/smiley-cyrus.jpeg","token":"eyJhbGciOiJIUzI1NiIsInR5cCI6IkpXVCJ9.eyJlbWFpbCI6InRyYWJ1Y2gyMUBnbWFpbC5jb20iLCJ1c2VybmFtZSI6InRyYWJ1Y2gyMSIsImlhdCI6MTY3NTI5MzQ4MSwiZXhwIjoxNjgwNDc3NDgxfQ.olf7Jd8CsEpvNWfSptyATL8nBMaqgSTJxfLExrdi5dg"}}

08:18:01.175 [pool-1-thread-1] INFO  com.intuit.karate - << lock released, cached callSingle: classpath:helpers/createToken.feature
08:18:01.183 [pool-1-thread-2] INFO  com.intuit.karate - karate.env system property was: null 
08:18:01.187 [pool-1-thread-1] INFO  com.intuit.karate - >> lock acquired, begin callonce: read('classpath:helpers/Dummy.feature')
08:18:01.323 [pool-1-thread-1] INFO  com.intuit.karate - [print] yasmine.ferry 
08:18:01.324 [pool-1-thread-1] INFO  com.intuit.karate - << lock released, cached callonce: read('classpath:helpers/Dummy.feature')
08:18:01.325 [pool-1-thread-2] WARN  com.intuit.karate - this thread waited 135 milliseconds for callonce lock: read('classpath:helpers/Dummy.feature')
Hola
08:18:01.329 [pool-1-thread-2] INFO  com.intuit.karate - [print] yasmine.ferry 
08:18:01.330 [pool-1-thread-2] INFO  com.intuit.karate - [print] This is second scenario 
Hola
08:18:01.336 [pool-1-thread-1] INFO  com.intuit.karate - [print] yasmine.ferry 
08:18:01.337 [pool-1-thread-2] INFO  com.intuit.karate - [print] agripina.ruecker 
08:18:01.339 [pool-1-thread-1] INFO  com.intuit.karate - [print] This is first scenario 
08:18:01.349 [pool-1-thread-1] INFO  com.intuit.karate - [print] shirlee.fay 
---------------------------------------------------------
feature: classpath:conduitApp/features/Hooks.feature
scenarios:  2 | passed:  2 | failed:  0 | time: 0.3027
---------------------------------------------------------

08:18:02.009 [pool-2-thread-1] INFO  com.intuit.karate.Suite - <<pass>> feature 4 of 5 (1 remaining) classpath:conduitApp/features/Hooks.feature
Karate version: 1.3.1
======================================================
elapsed:   3.16 | threads:    5 | thread time: 0.30 
features:     1 | skipped:    4 | efficiency: 0.02
scenarios:    2 | passed:     2 | failed: 0
======================================================

HTML report: (paste into browser to view) | Karate version: 1.3.1
file:///Users/trabu/Desktop/Repos/KarateDSL/KarateUdemy/target/karate-reports/karate-summary.html
===================================================================

]]></system-out>
  </testcase>
</testsuite>