<?xml version="1.0" encoding="UTF-8"?>
<testsuite xmlns:xsi="http://www.w3.org/2001/XMLSchema-instance" xsi:noNamespaceSchemaLocation="https://maven.apache.org/surefire/maven-surefire-plugin/xsd/surefire-test-report.xsd" name="conduitApp.ConduitTest" time="70.433" tests="1" errors="0" skipped="0" failures="1">
  <properties>
[...]
</properties>
  <testcase name="testParallel" classname="conduitApp.ConduitTest" time="70.406">
    <failure message="match failed: EQUALS&#10;  $ | not equal | match failed for name: &apos;articlesCount&apos; (MAP:MAP)&#10;  {&quot;articles&quot;:[{&quot;slug&quot;:&quot;Qarl-Correy-132513&quot;,&quot;title&quot;:&quot;Qarl Correy&quot;,&quot;description&quot;:&quot;Elyria&quot;,&quot;body&quot;:&quot;... a mind needs books as a sword needs a whetstone, if it is to keep its edge.&quot;,&quot;tagList&quot;:[],&quot;createdAt&quot;:&quot;2023-02-03T22:41:23.500Z&quot;,&quot;updatedAt&quot;:&quot;2023-02-03T22:41:23.500Z&quot;,&quot;favorited&quot;:true,&quot;favoritesCount&quot;:1,&quot;author&quot;:{&quot;username&quot;:&quot;trabuch21&quot;,&quot;bio&quot;:null,&quot;image&quot;:&quot;https://api.realworld.io/images/smiley-cyrus.jpeg&quot;,&quot;following&quot;:false}},{&quot;slug&quot;:&quot;Samwell-Tarly-132513&quot;,&quot;title&quot;:&quot;Samwell Tarly&quot;,&quot;description&quot;:&quot;Tolos&quot;,&quot;body&quot;:&quot;A lion doesn&apos;t concern itself with the opinion of sheep.&quot;,&quot;tagList&quot;:[],&quot;createdAt&quot;:&quot;2023-02-03T22:41:23.431Z&quot;,&quot;updatedAt&quot;:&quot;2023-02-03T22:41:23.431Z&quot;,&quot;favorited&quot;:false,&quot;favoritesCount&quot;:0,&quot;author&quot;:{&quot;username&quot;:&quot;trabuch21&quot;,&quot;bio&quot;:null,&quot;image&quot;:&quot;https://api.realworld.io/images/smiley-cyrus.jpeg&quot;,&quot;following&quot;:false}},{&quot;slug&quot;:&quot;Galladon-of-Morne-132513&quot;,&quot;title&quot;:&quot;Galladon of Morne&quot;,&quot;description&quot;:&quot;Yunkai&quot;,&quot;body&quot;:&quot;Give me honorable enemies rather than ambitious ones, and I&apos;ll sleep more easily by night.&quot;,&quot;tagList&quot;:[],&quot;createdAt&quot;:&quot;2023-02-01T18:13:42.065Z&quot;,&quot;updatedAt&quot;:&quot;2023-02-01T18:13:42.065Z&quot;,&quot;favorited&quot;:true,&quot;favoritesCount&quot;:1,&quot;author&quot;:{&quot;username&quot;:&quot;trabuch21&quot;,&quot;bio&quot;:null,&quot;image&quot;:&quot;https://api.realworld.io/images/smiley-cyrus.jpeg&quot;,&quot;following&quot;:false}},{&quot;slug&quot;:&quot;Wilbert-Osgrey-132513&quot;,&quot;title&quot;:&quot;Wilbert Osgrey&quot;,&quot;description&quot;:&quot;New Ghis&quot;,&quot;body&quot;:&quot;There are no heroes...in life, the monsters win.&quot;,&quot;tagList&quot;:[],&quot;createdAt&quot;:&quot;2023-02-01T18:13:42.064Z&quot;,&quot;updatedAt&quot;:&quot;2023-02-01T18:13:42.064Z&quot;,&quot;favorited&quot;:false,&quot;favoritesCount&quot;:0,&quot;author&quot;:{&quot;username&quot;:&quot;trabuch21&quot;,&quot;bio&quot;:null,&quot;image&quot;:&quot;https://api.realworld.io/images/smiley-cyrus.jpeg&quot;,&quot;following&quot;:false}},{&quot;slug&quot;:&quot;Aeron-Greyjoy-132513&quot;,&quot;title&quot;:&quot;Aeron Greyjoy&quot;,&quot;description&quot;:&quot;Astapor&quot;,&quot;body&quot;:&quot;Knowledge could be more valuable than gold, more deadly than a dagger.&quot;,&quot;tagList&quot;:[],&quot;createdAt&quot;:&quot;2023-02-01T18:13:16.517Z&quot;,&quot;updatedAt&quot;:&quot;2023-02-01T18:13:16.517Z&quot;,&quot;favorited&quot;:false,&quot;favoritesCount&quot;:0,&quot;author&quot;:{&quot;username&quot;:&quot;trabuch21&quot;,&quot;bio&quot;:null,&quot;image&quot;:&quot;https://api.realworld.io/images/smiley-cyrus.jpeg&quot;,&quot;following&quot;:false}},{&quot;slug&quot;:&quot;test22221-132513&quot;,&quot;title&quot;:&quot;test22221&quot;,&quot;description&quot;:&quot;asdasd&quot;,&quot;body&quot;:&quot;asdadasd&quot;,&quot;tagList&quot;:[],&quot;createdAt&quot;:&quot;2023-01-31T19:30:43.042Z&quot;,&quot;updatedAt&quot;:&quot;2023-01-31T19:30:43.042Z&quot;,&quot;favorited&quot;:true,&quot;favoritesCount&quot;:1,&quot;author&quot;:{&quot;username&quot;:&quot;trabuch21&quot;,&quot;bio&quot;:null,&quot;image&quot;:&quot;https://api.realworld.io/images/smiley-cyrus.jpeg&quot;,&quot;following&quot;:false}},{&quot;slug&quot;:&quot;Joss-the-Gloom-132513&quot;,&quot;title&quot;:&quot;Joss the Gloom&quot;,&quot;description&quot;:&quot;Myr&quot;,&quot;body&quot;:&quot;Do the dead frighten you?&quot;,&quot;tagList&quot;:[],&quot;createdAt&quot;:&quot;2023-01-30T19:19:19.861Z&quot;,&quot;updatedAt&quot;:&quot;2023-01-30T19:19:19.861Z&quot;,&quot;favorited&quot;:false,&quot;favoritesCount&quot;:0,&quot;author&quot;:{&quot;username&quot;:&quot;trabuch21&quot;,&quot;bio&quot;:null,&quot;image&quot;:&quot;https://api.realworld.io/images/smiley-cyrus.jpeg&quot;,&quot;following&quot;:false}},{&quot;slug&quot;:&quot;Daemon-Targaryen-132513&quot;,&quot;title&quot;:&quot;Daemon Targaryen&quot;,&quot;description&quot;:&quot;Sar Meel&quot;,&quot;body&quot;:&quot;Nothing burns like the cold.&quot;,&quot;tagList&quot;:[],&quot;createdAt&quot;:&quot;2023-01-30T19:19:04.945Z&quot;,&quot;updatedAt&quot;:&quot;2023-01-30T19:19:04.945Z&quot;,&quot;favorited&quot;:false,&quot;favoritesCount&quot;:0,&quot;author&quot;:{&quot;username&quot;:&quot;trabuch21&quot;,&quot;bio&quot;:null,&quot;image&quot;:&quot;https://api.realworld.io/images/smiley-cyrus.jpeg&quot;,&quot;following&quot;:false}},{&quot;slug&quot;:&quot;Jeffory-Mallister-132513&quot;,&quot;title&quot;:&quot;Jeffory Mallister&quot;,&quot;description&quot;:&quot;Pentos&quot;,&quot;body&quot;:&quot;Hodor? Hodor.&quot;,&quot;tagList&quot;:[],&quot;createdAt&quot;:&quot;2023-01-30T19:18:43.198Z&quot;,&quot;updatedAt&quot;:&quot;2023-01-30T19:18:43.198Z&quot;,&quot;favorited&quot;:false,&quot;favoritesCount&quot;:0,&quot;author&quot;:{&quot;username&quot;:&quot;trabuch21&quot;,&quot;bio&quot;:null,&quot;image&quot;:&quot;https://api.realworld.io/images/smiley-cyrus.jpeg&quot;,&quot;following&quot;:false}},{&quot;slug&quot;:&quot;Brandon-the-Bad-132513&quot;,&quot;title&quot;:&quot;Brandon the Bad&quot;,&quot;description&quot;:&quot;Lys&quot;,&quot;body&quot;:&quot;Nothing burns like the cold.&quot;,&quot;tagList&quot;:[],&quot;createdAt&quot;:&quot;2023-01-30T19:18:43.184Z&quot;,&quot;updatedAt&quot;:&quot;2023-01-30T19:18:43.184Z&quot;,&quot;favorited&quot;:false,&quot;favoritesCount&quot;:0,&quot;author&quot;:{&quot;username&quot;:&quot;trabuch21&quot;,&quot;bio&quot;:null,&quot;image&quot;:&quot;https://api.realworld.io/images/smiley-cyrus.jpeg&quot;,&quot;following&quot;:false}}],&quot;articlesCount&quot;:222}&#10;  {&quot;articles&quot;:&quot;#[10]&quot;,&quot;articlesCount&quot;:220}&#10;&#10;    $.articlesCount | not equal (NUMBER:NUMBER)&#10;    222&#10;    220&#10;&#10;classpath:conduitApp/features/HomePage.feature:25&#10;match failed: EQUALS&#10;  $ | not equal (NUMBER:NUMBER)&#10;  0&#10;  1&#10;&#10;classpath:conduitApp/features/HomePage.feature:44&#10;too many retry attempts: 10&#10;classpath:conduitApp/features/HomePage.feature:52&#10;status code was: 500, expected: 200, response time in milliseconds: 420, url: https://api.realworld.io/api/articles/Haldon-132513/favorite, response: &#10;&quot;\nInvalid `prisma.article.update()` invocation:\n\n\nQuery interpretation error. Error for binding &apos;0&apos;: AssertionError(\&quot;Required exactly one parent ID to be present for connect query, found 0.\&quot;)&quot;&#10;classpath:conduitApp/features/HomeWork.feature:29 ==&gt; expected: &lt;0&gt; but was: &lt;4&gt;" type="org.opentest4j.AssertionFailedError"><![CDATA[org.opentest4j.AssertionFailedError: 
match failed: EQUALS
  $ | not equal | match failed for name: 'articlesCount' (MAP:MAP)
  {"articles":[{"slug":"Qarl-Correy-132513","title":"Qarl Correy","description":"Elyria","body":"... a mind needs books as a sword needs a whetstone, if it is to keep its edge.","tagList":[],"createdAt":"2023-02-03T22:41:23.500Z","updatedAt":"2023-02-03T22:41:23.500Z","favorited":true,"favoritesCount":1,"author":{"username":"trabuch21","bio":null,"image":"https://api.realworld.io/images/smiley-cyrus.jpeg","following":false}},{"slug":"Samwell-Tarly-132513","title":"Samwell Tarly","description":"Tolos","body":"A lion doesn't concern itself with the opinion of sheep.","tagList":[],"createdAt":"2023-02-03T22:41:23.431Z","updatedAt":"2023-02-03T22:41:23.431Z","favorited":false,"favoritesCount":0,"author":{"username":"trabuch21","bio":null,"image":"https://api.realworld.io/images/smiley-cyrus.jpeg","following":false}},{"slug":"Galladon-of-Morne-132513","title":"Galladon of Morne","description":"Yunkai","body":"Give me honorable enemies rather than ambitious ones, and I'll sleep more easily by night.","tagList":[],"createdAt":"2023-02-01T18:13:42.065Z","updatedAt":"2023-02-01T18:13:42.065Z","favorited":true,"favoritesCount":1,"author":{"username":"trabuch21","bio":null,"image":"https://api.realworld.io/images/smiley-cyrus.jpeg","following":false}},{"slug":"Wilbert-Osgrey-132513","title":"Wilbert Osgrey","description":"New Ghis","body":"There are no heroes...in life, the monsters win.","tagList":[],"createdAt":"2023-02-01T18:13:42.064Z","updatedAt":"2023-02-01T18:13:42.064Z","favorited":false,"favoritesCount":0,"author":{"username":"trabuch21","bio":null,"image":"https://api.realworld.io/images/smiley-cyrus.jpeg","following":false}},{"slug":"Aeron-Greyjoy-132513","title":"Aeron Greyjoy","description":"Astapor","body":"Knowledge could be more valuable than gold, more deadly than a dagger.","tagList":[],"createdAt":"2023-02-01T18:13:16.517Z","updatedAt":"2023-02-01T18:13:16.517Z","favorited":false,"favoritesCount":0,"author":{"username":"trabuch21","bio":null,"image":"https://api.realworld.io/images/smiley-cyrus.jpeg","following":false}},{"slug":"test22221-132513","title":"test22221","description":"asdasd","body":"asdadasd","tagList":[],"createdAt":"2023-01-31T19:30:43.042Z","updatedAt":"2023-01-31T19:30:43.042Z","favorited":true,"favoritesCount":1,"author":{"username":"trabuch21","bio":null,"image":"https://api.realworld.io/images/smiley-cyrus.jpeg","following":false}},{"slug":"Joss-the-Gloom-132513","title":"Joss the Gloom","description":"Myr","body":"Do the dead frighten you?","tagList":[],"createdAt":"2023-01-30T19:19:19.861Z","updatedAt":"2023-01-30T19:19:19.861Z","favorited":false,"favoritesCount":0,"author":{"username":"trabuch21","bio":null,"image":"https://api.realworld.io/images/smiley-cyrus.jpeg","following":false}},{"slug":"Daemon-Targaryen-132513","title":"Daemon Targaryen","description":"Sar Meel","body":"Nothing burns like the cold.","tagList":[],"createdAt":"2023-01-30T19:19:04.945Z","updatedAt":"2023-01-30T19:19:04.945Z","favorited":false,"favoritesCount":0,"author":{"username":"trabuch21","bio":null,"image":"https://api.realworld.io/images/smiley-cyrus.jpeg","following":false}},{"slug":"Jeffory-Mallister-132513","title":"Jeffory Mallister","description":"Pentos","body":"Hodor? Hodor.","tagList":[],"createdAt":"2023-01-30T19:18:43.198Z","updatedAt":"2023-01-30T19:18:43.198Z","favorited":false,"favoritesCount":0,"author":{"username":"trabuch21","bio":null,"image":"https://api.realworld.io/images/smiley-cyrus.jpeg","following":false}},{"slug":"Brandon-the-Bad-132513","title":"Brandon the Bad","description":"Lys","body":"Nothing burns like the cold.","tagList":[],"createdAt":"2023-01-30T19:18:43.184Z","updatedAt":"2023-01-30T19:18:43.184Z","favorited":false,"favoritesCount":0,"author":{"username":"trabuch21","bio":null,"image":"https://api.realworld.io/images/smiley-cyrus.jpeg","following":false}}],"articlesCount":222}
  {"articles":"#[10]","articlesCount":220}

    $.articlesCount | not equal (NUMBER:NUMBER)
    222
    220

classpath:conduitApp/features/HomePage.feature:25
match failed: EQUALS
  $ | not equal (NUMBER:NUMBER)
  0
  1

classpath:conduitApp/features/HomePage.feature:44
too many retry attempts: 10
classpath:conduitApp/features/HomePage.feature:52
status code was: 500, expected: 200, response time in milliseconds: 420, url: https://api.realworld.io/api/articles/Haldon-132513/favorite, response: 
"\nInvalid `prisma.article.update()` invocation:\n\n\nQuery interpretation error. Error for binding '0': AssertionError(\"Required exactly one parent ID to be present for connect query, found 0.\")"
classpath:conduitApp/features/HomeWork.feature:29 ==> expected: <0> but was: <4>
	at conduitApp.ConduitTest.testParallel(ConduitTest.java:27)
]]></failure>
    <system-out><![CDATA[23:10:07.078 [main] DEBUG com.intuit.karate.Suite - [config] classpath:karate-config.js
23:10:07.113 [main] INFO  com.intuit.karate.Suite - backed up existing 'target/karate-reports' dir to: target/karate-reports_1675465807111
23:10:07.135 [main] DEBUG com.intuit.karate.Suite - waiting for 5 features to complete
23:10:13.462 [pool-1-thread-3] INFO  com.intuit.karate - karate.env system property was: null 
23:10:13.513 [pool-1-thread-3] INFO  com.intuit.karate - >> lock acquired, begin callSingle: classpath:helpers/createToken.feature
23:10:14.953 [pool-1-thread-3] DEBUG com.intuit.karate - request:
1 > POST https://api.realworld.io/api/users/login
1 > Content-Type: application/json; charset=UTF-8
1 > Content-Length: 65
1 > Host: api.realworld.io
1 > Connection: Keep-Alive
1 > User-Agent: Apache-HttpClient/4.5.13 (Java/18.0.2.1)
1 > Accept-Encoding: gzip,deflate
{"user":{"email":"trabuch21@gmail.com","password":"Pokemon1411"}}

23:10:15.917 [pool-1-thread-3] DEBUG com.intuit.karate - response time in milliseconds: 960
1 < 200
1 < Date: Fri, 03 Feb 2023 23:10:16 GMT
1 < Content-Type: application/json; charset=utf-8
1 < Transfer-Encoding: chunked
1 < Connection: keep-alive
1 < X-Powered-By: Express
1 < Access-Control-Allow-Origin: *
1 < Etag: W/"158-Ydbz5OmuZt4RrRv4pnXuGoLd8cw"
1 < Via: 1.1 vegur
1 < CF-Cache-Status: DYNAMIC
1 < Report-To: {"endpoints":[{"url":"https:\/\/a.nel.cloudflare.com\/report\/v3?s=pbMxfn8gN%2B1x8kkwtBvsOwrO3oYxJn4uabUgm44CoiO5KJky7W1sJa8e5z5WwjLDjms1j9lJUk8vmNJOXEx8FlRUnVx8dAF%2BciFe7LqFhjNPmI1H6djJBbJYISjSw%2Faoq68D"}],"group":"cf-nel","max_age":604800}
1 < NEL: {"success_fraction":0,"report_to":"cf-nel","max_age":604800}
1 < Server: cloudflare
1 < CF-RAY: 793ed6c3bf6baf7c-NRT
1 < alt-svc: h3=":443"; ma=86400, h3-29=":443"; ma=86400
{"user":{"email":"trabuch21@gmail.com","username":"trabuch21","bio":null,"image":"https://api.realworld.io/images/smiley-cyrus.jpeg","token":"eyJhbGciOiJIUzI1NiIsInR5cCI6IkpXVCJ9.eyJlbWFpbCI6InRyYWJ1Y2gyMUBnbWFpbC5jb20iLCJ1c2VybmFtZSI6InRyYWJ1Y2gyMSIsImlhdCI6MTY3NTQ2NTgxNSwiZXhwIjoxNjgwNjQ5ODE1fQ.U5_sbWYDYbj1UGqdwdvI7yVc3-7R-ZYEJfkizbdIJJ0"}}

23:10:15.942 [pool-1-thread-3] INFO  com.intuit.karate - << lock released, cached callSingle: classpath:helpers/createToken.feature
23:10:15.958 [pool-1-thread-4] INFO  com.intuit.karate - karate.env system property was: null 
23:10:15.969 [pool-1-thread-2] INFO  com.intuit.karate - karate.env system property was: null 
23:10:15.982 [pool-1-thread-5] INFO  com.intuit.karate - karate.env system property was: null 
23:10:15.993 [pool-1-thread-3] DEBUG com.intuit.karate - request:
1 > GET https://api.realworld.io/api/tags
1 > Authorization: Token eyJhbGciOiJIUzI1NiIsInR5cCI6IkpXVCJ9.eyJlbWFpbCI6InRyYWJ1Y2gyMUBnbWFpbC5jb20iLCJ1c2VybmFtZSI6InRyYWJ1Y2gyMSIsImlhdCI6MTY3NTQ2NTgxNSwiZXhwIjoxNjgwNjQ5ODE1fQ.U5_sbWYDYbj1UGqdwdvI7yVc3-7R-ZYEJfkizbdIJJ0
1 > Host: api.realworld.io
1 > Connection: Keep-Alive
1 > User-Agent: Apache-HttpClient/4.5.13 (Java/18.0.2.1)
1 > Accept-Encoding: gzip,deflate


23:10:15.994 [pool-1-thread-1] INFO  com.intuit.karate - karate.env system property was: null 
23:10:16.001 [pool-1-thread-5] DEBUG com.intuit.karate - request:
1 > GET https://api.realworld.io/api/articles?offset=0&limit=10
1 > Authorization: Token eyJhbGciOiJIUzI1NiIsInR5cCI6IkpXVCJ9.eyJlbWFpbCI6InRyYWJ1Y2gyMUBnbWFpbC5jb20iLCJ1c2VybmFtZSI6InRyYWJ1Y2gyMSIsImlhdCI6MTY3NTQ2NTgxNSwiZXhwIjoxNjgwNjQ5ODE1fQ.U5_sbWYDYbj1UGqdwdvI7yVc3-7R-ZYEJfkizbdIJJ0
1 > Host: api.realworld.io
1 > Connection: Keep-Alive
1 > User-Agent: Apache-HttpClient/4.5.13 (Java/18.0.2.1)
1 > Accept-Encoding: gzip,deflate


23:10:16.052 [pool-1-thread-4] DEBUG com.intuit.karate - request:
1 > GET https://api.realworld.io/api/articles?offset=0&limit=10
1 > Authorization: Token eyJhbGciOiJIUzI1NiIsInR5cCI6IkpXVCJ9.eyJlbWFpbCI6InRyYWJ1Y2gyMUBnbWFpbC5jb20iLCJ1c2VybmFtZSI6InRyYWJ1Y2gyMSIsImlhdCI6MTY3NTQ2NTgxNSwiZXhwIjoxNjgwNjQ5ODE1fQ.U5_sbWYDYbj1UGqdwdvI7yVc3-7R-ZYEJfkizbdIJJ0
1 > Host: api.realworld.io
1 > Connection: Keep-Alive
1 > User-Agent: Apache-HttpClient/4.5.13 (Java/18.0.2.1)
1 > Accept-Encoding: gzip,deflate


23:10:16.710 [pool-1-thread-2] DEBUG com.intuit.karate - request:
1 > POST https://api.realworld.io/api/articles
1 > Authorization: Token eyJhbGciOiJIUzI1NiIsInR5cCI6IkpXVCJ9.eyJlbWFpbCI6InRyYWJ1Y2gyMUBnbWFpbC5jb20iLCJ1c2VybmFtZSI6InRyYWJ1Y2gyMSIsImlhdCI6MTY3NTQ2NTgxNSwiZXhwIjoxNjgwNjQ5ODE1fQ.U5_sbWYDYbj1UGqdwdvI7yVc3-7R-ZYEJfkizbdIJJ0
1 > Content-Type: application/json; charset=UTF-8
1 > Content-Length: 89
1 > Host: api.realworld.io
1 > Connection: Keep-Alive
1 > User-Agent: Apache-HttpClient/4.5.13 (Java/18.0.2.1)
1 > Accept-Encoding: gzip,deflate
{"article":{"taglist":[],"title":"Haldon","description":"Pentos","body":"Hodor? Hodor."}}

23:10:16.711 [pool-1-thread-1] DEBUG com.intuit.karate - request:
1 > POST https://api.realworld.io/api/articles
1 > Authorization: Token eyJhbGciOiJIUzI1NiIsInR5cCI6IkpXVCJ9.eyJlbWFpbCI6InRyYWJ1Y2gyMUBnbWFpbC5jb20iLCJ1c2VybmFtZSI6InRyYWJ1Y2gyMSIsImlhdCI6MTY3NTQ2NTgxNSwiZXhwIjoxNjgwNjQ5ODE1fQ.U5_sbWYDYbj1UGqdwdvI7yVc3-7R-ZYEJfkizbdIJJ0
1 > Content-Type: application/json; charset=UTF-8
1 > Content-Length: 111
1 > Host: api.realworld.io
1 > Connection: Keep-Alive
1 > User-Agent: Apache-HttpClient/4.5.13 (Java/18.0.2.1)
1 > Accept-Encoding: gzip,deflate
{"article":{"taglist":[],"title":"Bryan Fossoway","description":"Volantis","body":"The things I do for love."}}

23:10:17.285 [pool-1-thread-3] DEBUG com.intuit.karate - response time in milliseconds: 1290
1 < 200
1 < Date: Fri, 03 Feb 2023 23:10:17 GMT
1 < Content-Type: application/json; charset=utf-8
1 < Transfer-Encoding: chunked
1 < Connection: keep-alive
1 < X-Powered-By: Express
1 < Access-Control-Allow-Origin: *
1 < Etag: W/"76-QAIKJ+jzFJHRIavFYxLRj4MZAjA"
1 < Via: 1.1 vegur
1 < CF-Cache-Status: DYNAMIC
1 < Report-To: {"endpoints":[{"url":"https:\/\/a.nel.cloudflare.com\/report\/v3?s=if9zwcT54ddpXgC4V33fjtvQUTfATHnbC4v%2BGrYvfLMr1NVdr3GQWS%2BpeT%2FNC%2BFSwMk%2BqyvgnlLExibPq1AvEsUkv6yaxPVeL7BmVtBEVC1%2FUE5RI5qsQx4EBOiGnX7iRESl"}],"group":"cf-nel","max_age":604800}
1 < NEL: {"success_fraction":0,"report_to":"cf-nel","max_age":604800}
1 < Server: cloudflare
1 < CF-RAY: 793ed6c8eb73afe7-NRT
1 < alt-svc: h3=":443"; ma=86400, h3-29=":443"; ma=86400
{"tags":["implementations","welcome","introduction","codebaseShow","ipsum","qui","et","quia","cupiditate","deserunt"]}

23:10:17.285 [pool-1-thread-4] DEBUG com.intuit.karate - response time in milliseconds: 1231
1 < 200
1 < Date: Fri, 03 Feb 2023 23:10:17 GMT
1 < Content-Type: application/json; charset=utf-8
1 < Transfer-Encoding: chunked
1 < Connection: keep-alive
1 < X-Powered-By: Express
1 < Access-Control-Allow-Origin: *
1 < Etag: W/"f34-KPJGItKChTk8RnytD4hLrQ8D06Y"
1 < Via: 1.1 vegur
1 < CF-Cache-Status: DYNAMIC
1 < Report-To: {"endpoints":[{"url":"https:\/\/a.nel.cloudflare.com\/report\/v3?s=JADkiI%2FblLZwVSPdrVeRR2MIKhVOZA6c4WnTV0y6rm8SjUOCanwpF2TVsE13IPtghAIRGLzm1ZJz%2BKeyNMlSVs2Hg1V%2FNCD2LHOTPSYCmTR1IVDQzwHEXVsz2IDOhyccSyS3"}],"group":"cf-nel","max_age":604800}
1 < NEL: {"success_fraction":0,"report_to":"cf-nel","max_age":604800}
1 < Server: cloudflare
1 < CF-RAY: 793ed6c90aaa3bfd-NRT
1 < alt-svc: h3=":443"; ma=86400, h3-29=":443"; ma=86400
{"articles":[{"slug":"Qarl-Correy-132513","title":"Qarl Correy","description":"Elyria","body":"... a mind needs books as a sword needs a whetstone, if it is to keep its edge.","tagList":[],"createdAt":"2023-02-03T22:41:23.500Z","updatedAt":"2023-02-03T22:41:23.500Z","favorited":true,"favoritesCount":1,"author":{"username":"trabuch21","bio":null,"image":"https://api.realworld.io/images/smiley-cyrus.jpeg","following":false}},{"slug":"Samwell-Tarly-132513","title":"Samwell Tarly","description":"Tolos","body":"A lion doesn't concern itself with the opinion of sheep.","tagList":[],"createdAt":"2023-02-03T22:41:23.431Z","updatedAt":"2023-02-03T22:41:23.431Z","favorited":false,"favoritesCount":0,"author":{"username":"trabuch21","bio":null,"image":"https://api.realworld.io/images/smiley-cyrus.jpeg","following":false}},{"slug":"Galladon-of-Morne-132513","title":"Galladon of Morne","description":"Yunkai","body":"Give me honorable enemies rather than ambitious ones, and I'll sleep more easily by night.","tagList":[],"createdAt":"2023-02-01T18:13:42.065Z","updatedAt":"2023-02-01T18:13:42.065Z","favorited":true,"favoritesCount":1,"author":{"username":"trabuch21","bio":null,"image":"https://api.realworld.io/images/smiley-cyrus.jpeg","following":false}},{"slug":"Wilbert-Osgrey-132513","title":"Wilbert Osgrey","description":"New Ghis","body":"There are no heroes...in life, the monsters win.","tagList":[],"createdAt":"2023-02-01T18:13:42.064Z","updatedAt":"2023-02-01T18:13:42.064Z","favorited":false,"favoritesCount":0,"author":{"username":"trabuch21","bio":null,"image":"https://api.realworld.io/images/smiley-cyrus.jpeg","following":false}},{"slug":"Aeron-Greyjoy-132513","title":"Aeron Greyjoy","description":"Astapor","body":"Knowledge could be more valuable than gold, more deadly than a dagger.","tagList":[],"createdAt":"2023-02-01T18:13:16.517Z","updatedAt":"2023-02-01T18:13:16.517Z","favorited":false,"favoritesCount":0,"author":{"username":"trabuch21","bio":null,"image":"https://api.realworld.io/images/smiley-cyrus.jpeg","following":false}},{"slug":"test22221-132513","title":"test22221","description":"asdasd","body":"asdadasd","tagList":[],"createdAt":"2023-01-31T19:30:43.042Z","updatedAt":"2023-01-31T19:30:43.042Z","favorited":true,"favoritesCount":1,"author":{"username":"trabuch21","bio":null,"image":"https://api.realworld.io/images/smiley-cyrus.jpeg","following":false}},{"slug":"Joss-the-Gloom-132513","title":"Joss the Gloom","description":"Myr","body":"Do the dead frighten you?","tagList":[],"createdAt":"2023-01-30T19:19:19.861Z","updatedAt":"2023-01-30T19:19:19.861Z","favorited":false,"favoritesCount":0,"author":{"username":"trabuch21","bio":null,"image":"https://api.realworld.io/images/smiley-cyrus.jpeg","following":false}},{"slug":"Daemon-Targaryen-132513","title":"Daemon Targaryen","description":"Sar Meel","body":"Nothing burns like the cold.","tagList":[],"createdAt":"2023-01-30T19:19:04.945Z","updatedAt":"2023-01-30T19:19:04.945Z","favorited":false,"favoritesCount":0,"author":{"username":"trabuch21","bio":null,"image":"https://api.realworld.io/images/smiley-cyrus.jpeg","following":false}},{"slug":"Jeffory-Mallister-132513","title":"Jeffory Mallister","description":"Pentos","body":"Hodor? Hodor.","tagList":[],"createdAt":"2023-01-30T19:18:43.198Z","updatedAt":"2023-01-30T19:18:43.198Z","favorited":false,"favoritesCount":0,"author":{"username":"trabuch21","bio":null,"image":"https://api.realworld.io/images/smiley-cyrus.jpeg","following":false}},{"slug":"Brandon-the-Bad-132513","title":"Brandon the Bad","description":"Lys","body":"Nothing burns like the cold.","tagList":[],"createdAt":"2023-01-30T19:18:43.184Z","updatedAt":"2023-01-30T19:18:43.184Z","favorited":false,"favoritesCount":0,"author":{"username":"trabuch21","bio":null,"image":"https://api.realworld.io/images/smiley-cyrus.jpeg","following":false}}],"articlesCount":222}

23:10:17.286 [pool-1-thread-1] DEBUG com.intuit.karate - response time in milliseconds: 569
1 < 200
1 < Date: Fri, 03 Feb 2023 23:10:17 GMT
1 < Content-Type: application/json; charset=utf-8
1 < Transfer-Encoding: chunked
1 < Connection: keep-alive
1 < X-Powered-By: Express
1 < Access-Control-Allow-Origin: *
1 < Etag: W/"17c-wCMmssOXAsB8aGdHgT9XStFNwN8"
1 < Via: 1.1 vegur
1 < CF-Cache-Status: DYNAMIC
1 < Report-To: {"endpoints":[{"url":"https:\/\/a.nel.cloudflare.com\/report\/v3?s=18%2BsTbK3FSZr2zZ24vTsnfMlpmoyhC0uWc2S7LWADFCrLY69jLEzBZlp7R8xK8JaGxta6fBcDzYzAU6EYkJv5DLkVmPATZ78QLHmiyNs8229QTIhPMLWYZgaEzt%2FbPZ1jU5E"}],"group":"cf-nel","max_age":604800}
1 < NEL: {"success_fraction":0,"report_to":"cf-nel","max_age":604800}
1 < Server: cloudflare
1 < CF-RAY: 793ed6cc58993487-NRT
1 < alt-svc: h3=":443"; ma=86400, h3-29=":443"; ma=86400
{"article":{"slug":"Bryan-Fossoway-132513","title":"Bryan Fossoway","description":"Volantis","body":"The things I do for love.","tagList":[],"createdAt":"2023-02-03T23:10:17.289Z","updatedAt":"2023-02-03T23:10:17.289Z","favorited":false,"favoritesCount":0,"author":{"username":"trabuch21","bio":null,"image":"https://api.realworld.io/images/smiley-cyrus.jpeg","following":false}}}

23:10:17.286 [pool-1-thread-2] DEBUG com.intuit.karate - response time in milliseconds: 574
1 < 200
1 < Date: Fri, 03 Feb 2023 23:10:17 GMT
1 < Content-Type: application/json; charset=utf-8
1 < Transfer-Encoding: chunked
1 < Connection: keep-alive
1 < X-Powered-By: Express
1 < Access-Control-Allow-Origin: *
1 < Etag: W/"15e-TmiQgWXyiePwTtxDZjgHYw4aJdc"
1 < Via: 1.1 vegur
1 < CF-Cache-Status: DYNAMIC
1 < Report-To: {"endpoints":[{"url":"https:\/\/a.nel.cloudflare.com\/report\/v3?s=EMatun8HD6Zml6k29Y18phEoDsKCqkkJqb2LEvJlkJI254KCwDJaNCGsCW56tx4z7s357Tr6cyJspPLVYeQdsSlYfkVIZ84rBhP4%2FM3wXN7rYQdLCeNVXoW0WhxnNxtX0ShJ"}],"group":"cf-nel","max_age":604800}
1 < NEL: {"success_fraction":0,"report_to":"cf-nel","max_age":604800}
1 < Server: cloudflare
1 < CF-RAY: 793ed6cc59def5a3-NRT
1 < alt-svc: h3=":443"; ma=86400, h3-29=":443"; ma=86400
{"article":{"slug":"Haldon-132513","title":"Haldon","description":"Pentos","body":"Hodor? Hodor.","tagList":[],"createdAt":"2023-02-03T23:10:17.290Z","updatedAt":"2023-02-03T23:10:17.290Z","favorited":false,"favoritesCount":0,"author":{"username":"trabuch21","bio":null,"image":"https://api.realworld.io/images/smiley-cyrus.jpeg","following":false}}}

23:10:17.286 [pool-1-thread-5] DEBUG com.intuit.karate - response time in milliseconds: 1283
1 < 200
1 < Date: Fri, 03 Feb 2023 23:10:17 GMT
1 < Content-Type: application/json; charset=utf-8
1 < Transfer-Encoding: chunked
1 < Connection: keep-alive
1 < X-Powered-By: Express
1 < Access-Control-Allow-Origin: *
1 < Etag: W/"f34-KPJGItKChTk8RnytD4hLrQ8D06Y"
1 < Via: 1.1 vegur
1 < CF-Cache-Status: DYNAMIC
1 < Report-To: {"endpoints":[{"url":"https:\/\/a.nel.cloudflare.com\/report\/v3?s=NQM9YJj69Cwbmvc6UgaqcS5evRfPF7ppOh4%2FfMa6jDok1pRTcqodXhD%2ByDyNbpJl0culPvTBZQjy%2FsvAzupDhbuaJOt5R8Jszrv84EfkSCTwO6xOYRyYZMOxaGrgqoo%2FQQ8C"}],"group":"cf-nel","max_age":604800}
1 < NEL: {"success_fraction":0,"report_to":"cf-nel","max_age":604800}
1 < Server: cloudflare
1 < CF-RAY: 793ed6c8f87ce397-NRT
1 < alt-svc: h3=":443"; ma=86400, h3-29=":443"; ma=86400
{"articles":[{"slug":"Qarl-Correy-132513","title":"Qarl Correy","description":"Elyria","body":"... a mind needs books as a sword needs a whetstone, if it is to keep its edge.","tagList":[],"createdAt":"2023-02-03T22:41:23.500Z","updatedAt":"2023-02-03T22:41:23.500Z","favorited":true,"favoritesCount":1,"author":{"username":"trabuch21","bio":null,"image":"https://api.realworld.io/images/smiley-cyrus.jpeg","following":false}},{"slug":"Samwell-Tarly-132513","title":"Samwell Tarly","description":"Tolos","body":"A lion doesn't concern itself with the opinion of sheep.","tagList":[],"createdAt":"2023-02-03T22:41:23.431Z","updatedAt":"2023-02-03T22:41:23.431Z","favorited":false,"favoritesCount":0,"author":{"username":"trabuch21","bio":null,"image":"https://api.realworld.io/images/smiley-cyrus.jpeg","following":false}},{"slug":"Galladon-of-Morne-132513","title":"Galladon of Morne","description":"Yunkai","body":"Give me honorable enemies rather than ambitious ones, and I'll sleep more easily by night.","tagList":[],"createdAt":"2023-02-01T18:13:42.065Z","updatedAt":"2023-02-01T18:13:42.065Z","favorited":true,"favoritesCount":1,"author":{"username":"trabuch21","bio":null,"image":"https://api.realworld.io/images/smiley-cyrus.jpeg","following":false}},{"slug":"Wilbert-Osgrey-132513","title":"Wilbert Osgrey","description":"New Ghis","body":"There are no heroes...in life, the monsters win.","tagList":[],"createdAt":"2023-02-01T18:13:42.064Z","updatedAt":"2023-02-01T18:13:42.064Z","favorited":false,"favoritesCount":0,"author":{"username":"trabuch21","bio":null,"image":"https://api.realworld.io/images/smiley-cyrus.jpeg","following":false}},{"slug":"Aeron-Greyjoy-132513","title":"Aeron Greyjoy","description":"Astapor","body":"Knowledge could be more valuable than gold, more deadly than a dagger.","tagList":[],"createdAt":"2023-02-01T18:13:16.517Z","updatedAt":"2023-02-01T18:13:16.517Z","favorited":false,"favoritesCount":0,"author":{"username":"trabuch21","bio":null,"image":"https://api.realworld.io/images/smiley-cyrus.jpeg","following":false}},{"slug":"test22221-132513","title":"test22221","description":"asdasd","body":"asdadasd","tagList":[],"createdAt":"2023-01-31T19:30:43.042Z","updatedAt":"2023-01-31T19:30:43.042Z","favorited":true,"favoritesCount":1,"author":{"username":"trabuch21","bio":null,"image":"https://api.realworld.io/images/smiley-cyrus.jpeg","following":false}},{"slug":"Joss-the-Gloom-132513","title":"Joss the Gloom","description":"Myr","body":"Do the dead frighten you?","tagList":[],"createdAt":"2023-01-30T19:19:19.861Z","updatedAt":"2023-01-30T19:19:19.861Z","favorited":false,"favoritesCount":0,"author":{"username":"trabuch21","bio":null,"image":"https://api.realworld.io/images/smiley-cyrus.jpeg","following":false}},{"slug":"Daemon-Targaryen-132513","title":"Daemon Targaryen","description":"Sar Meel","body":"Nothing burns like the cold.","tagList":[],"createdAt":"2023-01-30T19:19:04.945Z","updatedAt":"2023-01-30T19:19:04.945Z","favorited":false,"favoritesCount":0,"author":{"username":"trabuch21","bio":null,"image":"https://api.realworld.io/images/smiley-cyrus.jpeg","following":false}},{"slug":"Jeffory-Mallister-132513","title":"Jeffory Mallister","description":"Pentos","body":"Hodor? Hodor.","tagList":[],"createdAt":"2023-01-30T19:18:43.198Z","updatedAt":"2023-01-30T19:18:43.198Z","favorited":false,"favoritesCount":0,"author":{"username":"trabuch21","bio":null,"image":"https://api.realworld.io/images/smiley-cyrus.jpeg","following":false}},{"slug":"Brandon-the-Bad-132513","title":"Brandon the Bad","description":"Lys","body":"Nothing burns like the cold.","tagList":[],"createdAt":"2023-01-30T19:18:43.184Z","updatedAt":"2023-01-30T19:18:43.184Z","favorited":false,"favoritesCount":0,"author":{"username":"trabuch21","bio":null,"image":"https://api.realworld.io/images/smiley-cyrus.jpeg","following":false}}],"articlesCount":222}

23:10:17.304 [pool-1-thread-2] DEBUG com.intuit.karate - request:
2 > GET https://api.realworld.io/api/articles?offset=0&limit=10
2 > Authorization: Token eyJhbGciOiJIUzI1NiIsInR5cCI6IkpXVCJ9.eyJlbWFpbCI6InRyYWJ1Y2gyMUBnbWFpbC5jb20iLCJ1c2VybmFtZSI6InRyYWJ1Y2gyMSIsImlhdCI6MTY3NTQ2NTgxNSwiZXhwIjoxNjgwNjQ5ODE1fQ.U5_sbWYDYbj1UGqdwdvI7yVc3-7R-ZYEJfkizbdIJJ0
2 > Host: api.realworld.io
2 > Connection: Keep-Alive
2 > User-Agent: Apache-HttpClient/4.5.13 (Java/18.0.2.1)
2 > Accept-Encoding: gzip,deflate


23:10:17.313 [pool-1-thread-5] DEBUG com.intuit.karate - request:
2 > GET https://api.realworld.io/api/articles?offset=0&limit=10
2 > Authorization: Token eyJhbGciOiJIUzI1NiIsInR5cCI6IkpXVCJ9.eyJlbWFpbCI6InRyYWJ1Y2gyMUBnbWFpbC5jb20iLCJ1c2VybmFtZSI6InRyYWJ1Y2gyMSIsImlhdCI6MTY3NTQ2NTgxNSwiZXhwIjoxNjgwNjQ5ODE1fQ.U5_sbWYDYbj1UGqdwdvI7yVc3-7R-ZYEJfkizbdIJJ0
2 > Host: api.realworld.io
2 > Connection: Keep-Alive
2 > User-Agent: Apache-HttpClient/4.5.13 (Java/18.0.2.1)
2 > Accept-Encoding: gzip,deflate


23:10:17.340 [pool-1-thread-4] ERROR com.intuit.karate - classpath:conduitApp/features/HomePage.feature:25
And match response == {"articles":"#[10]", "articlesCount":220}
match failed: EQUALS
  $ | not equal | match failed for name: 'articlesCount' (MAP:MAP)
  {"articles":[{"slug":"Qarl-Correy-132513","title":"Qarl Correy","description":"Elyria","body":"... a mind needs books as a sword needs a whetstone, if it is to keep its edge.","tagList":[],"createdAt":"2023-02-03T22:41:23.500Z","updatedAt":"2023-02-03T22:41:23.500Z","favorited":true,"favoritesCount":1,"author":{"username":"trabuch21","bio":null,"image":"https://api.realworld.io/images/smiley-cyrus.jpeg","following":false}},{"slug":"Samwell-Tarly-132513","title":"Samwell Tarly","description":"Tolos","body":"A lion doesn't concern itself with the opinion of sheep.","tagList":[],"createdAt":"2023-02-03T22:41:23.431Z","updatedAt":"2023-02-03T22:41:23.431Z","favorited":false,"favoritesCount":0,"author":{"username":"trabuch21","bio":null,"image":"https://api.realworld.io/images/smiley-cyrus.jpeg","following":false}},{"slug":"Galladon-of-Morne-132513","title":"Galladon of Morne","description":"Yunkai","body":"Give me honorable enemies rather than ambitious ones, and I'll sleep more easily by night.","tagList":[],"createdAt":"2023-02-01T18:13:42.065Z","updatedAt":"2023-02-01T18:13:42.065Z","favorited":true,"favoritesCount":1,"author":{"username":"trabuch21","bio":null,"image":"https://api.realworld.io/images/smiley-cyrus.jpeg","following":false}},{"slug":"Wilbert-Osgrey-132513","title":"Wilbert Osgrey","description":"New Ghis","body":"There are no heroes...in life, the monsters win.","tagList":[],"createdAt":"2023-02-01T18:13:42.064Z","updatedAt":"2023-02-01T18:13:42.064Z","favorited":false,"favoritesCount":0,"author":{"username":"trabuch21","bio":null,"image":"https://api.realworld.io/images/smiley-cyrus.jpeg","following":false}},{"slug":"Aeron-Greyjoy-132513","title":"Aeron Greyjoy","description":"Astapor","body":"Knowledge could be more valuable than gold, more deadly than a dagger.","tagList":[],"createdAt":"2023-02-01T18:13:16.517Z","updatedAt":"2023-02-01T18:13:16.517Z","favorited":false,"favoritesCount":0,"author":{"username":"trabuch21","bio":null,"image":"https://api.realworld.io/images/smiley-cyrus.jpeg","following":false}},{"slug":"test22221-132513","title":"test22221","description":"asdasd","body":"asdadasd","tagList":[],"createdAt":"2023-01-31T19:30:43.042Z","updatedAt":"2023-01-31T19:30:43.042Z","favorited":true,"favoritesCount":1,"author":{"username":"trabuch21","bio":null,"image":"https://api.realworld.io/images/smiley-cyrus.jpeg","following":false}},{"slug":"Joss-the-Gloom-132513","title":"Joss the Gloom","description":"Myr","body":"Do the dead frighten you?","tagList":[],"createdAt":"2023-01-30T19:19:19.861Z","updatedAt":"2023-01-30T19:19:19.861Z","favorited":false,"favoritesCount":0,"author":{"username":"trabuch21","bio":null,"image":"https://api.realworld.io/images/smiley-cyrus.jpeg","following":false}},{"slug":"Daemon-Targaryen-132513","title":"Daemon Targaryen","description":"Sar Meel","body":"Nothing burns like the cold.","tagList":[],"createdAt":"2023-01-30T19:19:04.945Z","updatedAt":"2023-01-30T19:19:04.945Z","favorited":false,"favoritesCount":0,"author":{"username":"trabuch21","bio":null,"image":"https://api.realworld.io/images/smiley-cyrus.jpeg","following":false}},{"slug":"Jeffory-Mallister-132513","title":"Jeffory Mallister","description":"Pentos","body":"Hodor? Hodor.","tagList":[],"createdAt":"2023-01-30T19:18:43.198Z","updatedAt":"2023-01-30T19:18:43.198Z","favorited":false,"favoritesCount":0,"author":{"username":"trabuch21","bio":null,"image":"https://api.realworld.io/images/smiley-cyrus.jpeg","following":false}},{"slug":"Brandon-the-Bad-132513","title":"Brandon the Bad","description":"Lys","body":"Nothing burns like the cold.","tagList":[],"createdAt":"2023-01-30T19:18:43.184Z","updatedAt":"2023-01-30T19:18:43.184Z","favorited":false,"favoritesCount":0,"author":{"username":"trabuch21","bio":null,"image":"https://api.realworld.io/images/smiley-cyrus.jpeg","following":false}}],"articlesCount":222}
  {"articles":"#[10]","articlesCount":220}

    $.articlesCount | not equal (NUMBER:NUMBER)
    222
    220

classpath:conduitApp/features/HomePage.feature:25
23:10:17.345 [pool-1-thread-1] INFO  com.intuit.karate - karate.env system property was: null 
23:10:17.356 [pool-1-thread-4] INFO  com.intuit.karate - karate.env system property was: null 
23:10:17.364 [pool-1-thread-3] INFO  com.intuit.karate - karate.env system property was: null 
23:10:17.364 [pool-1-thread-1] DEBUG com.intuit.karate - request:
1 > GET https://api.realworld.io/api/articles?offset=0&limit=10
1 > Authorization: Token eyJhbGciOiJIUzI1NiIsInR5cCI6IkpXVCJ9.eyJlbWFpbCI6InRyYWJ1Y2gyMUBnbWFpbC5jb20iLCJ1c2VybmFtZSI6InRyYWJ1Y2gyMSIsImlhdCI6MTY3NTQ2NTgxNSwiZXhwIjoxNjgwNjQ5ODE1fQ.U5_sbWYDYbj1UGqdwdvI7yVc3-7R-ZYEJfkizbdIJJ0
1 > Host: api.realworld.io
1 > Connection: Keep-Alive
1 > User-Agent: Apache-HttpClient/4.5.13 (Java/18.0.2.1)
1 > Accept-Encoding: gzip,deflate


23:10:17.372 [pool-1-thread-4] DEBUG com.intuit.karate - request:
1 > GET https://api.realworld.io/api/articles?offset=0&limit=10
1 > Authorization: Token eyJhbGciOiJIUzI1NiIsInR5cCI6IkpXVCJ9.eyJlbWFpbCI6InRyYWJ1Y2gyMUBnbWFpbC5jb20iLCJ1c2VybmFtZSI6InRyYWJ1Y2gyMSIsImlhdCI6MTY3NTQ2NTgxNSwiZXhwIjoxNjgwNjQ5ODE1fQ.U5_sbWYDYbj1UGqdwdvI7yVc3-7R-ZYEJfkizbdIJJ0
1 > Host: api.realworld.io
1 > Connection: Keep-Alive
1 > User-Agent: Apache-HttpClient/4.5.13 (Java/18.0.2.1)
1 > Accept-Encoding: gzip,deflate


23:10:17.395 [pool-1-thread-3] DEBUG com.intuit.karate - request:
1 > GET https://api.realworld.io/api/articles
1 > Authorization: Token eyJhbGciOiJIUzI1NiIsInR5cCI6IkpXVCJ9.eyJlbWFpbCI6InRyYWJ1Y2gyMUBnbWFpbC5jb20iLCJ1c2VybmFtZSI6InRyYWJ1Y2gyMSIsImlhdCI6MTY3NTQ2NTgxNSwiZXhwIjoxNjgwNjQ5ODE1fQ.U5_sbWYDYbj1UGqdwdvI7yVc3-7R-ZYEJfkizbdIJJ0
1 > Host: api.realworld.io
1 > Connection: Keep-Alive
1 > User-Agent: Apache-HttpClient/4.5.13 (Java/18.0.2.1)
1 > Accept-Encoding: gzip,deflate


23:10:18.529 [pool-1-thread-2] DEBUG com.intuit.karate - response time in milliseconds: 1222
2 < 200
2 < Date: Fri, 03 Feb 2023 23:10:18 GMT
2 < Content-Type: application/json; charset=utf-8
2 < Transfer-Encoding: chunked
2 < Connection: keep-alive
2 < X-Powered-By: Express
2 < Access-Control-Allow-Origin: *
2 < Etag: W/"f1e-ap111XhILt1yqWYhbUXZRdggySI"
2 < Via: 1.1 vegur
2 < CF-Cache-Status: DYNAMIC
2 < Report-To: {"endpoints":[{"url":"https:\/\/a.nel.cloudflare.com\/report\/v3?s=7B1GGVJwEfAevxgoy8iDKizKob2yPfmwerkgUex1iDFT4DU%2FFMXwbae7K2l2%2FinXuiE4Pl0rl7W1BNzRzsl4csDMT%2FX%2BfZrJGL7gzcpGXPmBarJF%2Bv8mlGxVkjWKJ6BIvKv4"}],"group":"cf-nel","max_age":604800}
2 < NEL: {"success_fraction":0,"report_to":"cf-nel","max_age":604800}
2 < Server: cloudflare
2 < CF-RAY: 793ed6cfbdcbafcf-NRT
2 < alt-svc: h3=":443"; ma=86400, h3-29=":443"; ma=86400
{"articles":[{"slug":"Haldon-132513","title":"Haldon","description":"Pentos","body":"Hodor? Hodor.","tagList":[],"createdAt":"2023-02-03T23:10:17.290Z","updatedAt":"2023-02-03T23:10:17.290Z","favorited":false,"favoritesCount":0,"author":{"username":"trabuch21","bio":null,"image":"https://api.realworld.io/images/smiley-cyrus.jpeg","following":false}},{"slug":"Bryan-Fossoway-132513","title":"Bryan Fossoway","description":"Volantis","body":"The things I do for love.","tagList":[],"createdAt":"2023-02-03T23:10:17.289Z","updatedAt":"2023-02-03T23:10:17.289Z","favorited":false,"favoritesCount":0,"author":{"username":"trabuch21","bio":null,"image":"https://api.realworld.io/images/smiley-cyrus.jpeg","following":false}},{"slug":"Qarl-Correy-132513","title":"Qarl Correy","description":"Elyria","body":"... a mind needs books as a sword needs a whetstone, if it is to keep its edge.","tagList":[],"createdAt":"2023-02-03T22:41:23.500Z","updatedAt":"2023-02-03T22:41:23.500Z","favorited":true,"favoritesCount":1,"author":{"username":"trabuch21","bio":null,"image":"https://api.realworld.io/images/smiley-cyrus.jpeg","following":false}},{"slug":"Samwell-Tarly-132513","title":"Samwell Tarly","description":"Tolos","body":"A lion doesn't concern itself with the opinion of sheep.","tagList":[],"createdAt":"2023-02-03T22:41:23.431Z","updatedAt":"2023-02-03T22:41:23.431Z","favorited":false,"favoritesCount":0,"author":{"username":"trabuch21","bio":null,"image":"https://api.realworld.io/images/smiley-cyrus.jpeg","following":false}},{"slug":"Galladon-of-Morne-132513","title":"Galladon of Morne","description":"Yunkai","body":"Give me honorable enemies rather than ambitious ones, and I'll sleep more easily by night.","tagList":[],"createdAt":"2023-02-01T18:13:42.065Z","updatedAt":"2023-02-01T18:13:42.065Z","favorited":true,"favoritesCount":1,"author":{"username":"trabuch21","bio":null,"image":"https://api.realworld.io/images/smiley-cyrus.jpeg","following":false}},{"slug":"Wilbert-Osgrey-132513","title":"Wilbert Osgrey","description":"New Ghis","body":"There are no heroes...in life, the monsters win.","tagList":[],"createdAt":"2023-02-01T18:13:42.064Z","updatedAt":"2023-02-01T18:13:42.064Z","favorited":false,"favoritesCount":0,"author":{"username":"trabuch21","bio":null,"image":"https://api.realworld.io/images/smiley-cyrus.jpeg","following":false}},{"slug":"Aeron-Greyjoy-132513","title":"Aeron Greyjoy","description":"Astapor","body":"Knowledge could be more valuable than gold, more deadly than a dagger.","tagList":[],"createdAt":"2023-02-01T18:13:16.517Z","updatedAt":"2023-02-01T18:13:16.517Z","favorited":false,"favoritesCount":0,"author":{"username":"trabuch21","bio":null,"image":"https://api.realworld.io/images/smiley-cyrus.jpeg","following":false}},{"slug":"test22221-132513","title":"test22221","description":"asdasd","body":"asdadasd","tagList":[],"createdAt":"2023-01-31T19:30:43.042Z","updatedAt":"2023-01-31T19:30:43.042Z","favorited":true,"favoritesCount":1,"author":{"username":"trabuch21","bio":null,"image":"https://api.realworld.io/images/smiley-cyrus.jpeg","following":false}},{"slug":"Joss-the-Gloom-132513","title":"Joss the Gloom","description":"Myr","body":"Do the dead frighten you?","tagList":[],"createdAt":"2023-01-30T19:19:19.861Z","updatedAt":"2023-01-30T19:19:19.861Z","favorited":false,"favoritesCount":0,"author":{"username":"trabuch21","bio":null,"image":"https://api.realworld.io/images/smiley-cyrus.jpeg","following":false}},{"slug":"Daemon-Targaryen-132513","title":"Daemon Targaryen","description":"Sar Meel","body":"Nothing burns like the cold.","tagList":[],"createdAt":"2023-01-30T19:19:04.945Z","updatedAt":"2023-01-30T19:19:04.945Z","favorited":false,"favoritesCount":0,"author":{"username":"trabuch21","bio":null,"image":"https://api.realworld.io/images/smiley-cyrus.jpeg","following":false}}],"articlesCount":224}

23:10:18.587 [pool-1-thread-2] DEBUG com.intuit.karate - request:
3 > DELETE https://api.realworld.io/api/articles/Haldon-132513
3 > Authorization: Token eyJhbGciOiJIUzI1NiIsInR5cCI6IkpXVCJ9.eyJlbWFpbCI6InRyYWJ1Y2gyMUBnbWFpbC5jb20iLCJ1c2VybmFtZSI6InRyYWJ1Y2gyMSIsImlhdCI6MTY3NTQ2NTgxNSwiZXhwIjoxNjgwNjQ5ODE1fQ.U5_sbWYDYbj1UGqdwdvI7yVc3-7R-ZYEJfkizbdIJJ0
3 > Host: api.realworld.io
3 > Connection: Keep-Alive
3 > User-Agent: Apache-HttpClient/4.5.13 (Java/18.0.2.1)
3 > Accept-Encoding: gzip,deflate


23:10:18.590 [pool-1-thread-1] DEBUG com.intuit.karate - response time in milliseconds: 1222
1 < 200
1 < Date: Fri, 03 Feb 2023 23:10:18 GMT
1 < Content-Type: application/json; charset=utf-8
1 < Transfer-Encoding: chunked
1 < Connection: keep-alive
1 < X-Powered-By: Express
1 < Access-Control-Allow-Origin: *
1 < Etag: W/"f1e-ap111XhILt1yqWYhbUXZRdggySI"
1 < Via: 1.1 vegur
1 < CF-Cache-Status: DYNAMIC
1 < Report-To: {"endpoints":[{"url":"https:\/\/a.nel.cloudflare.com\/report\/v3?s=tHx7piej3vO%2BRMeGi6h62ZAh2YE67Di%2Fyv6CR0HlGaG50znQb4Sf60IjI9TuHqQH%2FEfHmIB6xN9O1QmVtWWAUgAwfsMs45cLJMTjLrM2tLqDlkxBlD7I04qqs7r5PVA9kvJE"}],"group":"cf-nel","max_age":604800}
1 < NEL: {"success_fraction":0,"report_to":"cf-nel","max_age":604800}
1 < Server: cloudflare
1 < CF-RAY: 793ed6d03921b006-NRT
1 < alt-svc: h3=":443"; ma=86400, h3-29=":443"; ma=86400
{"articles":[{"slug":"Haldon-132513","title":"Haldon","description":"Pentos","body":"Hodor? Hodor.","tagList":[],"createdAt":"2023-02-03T23:10:17.290Z","updatedAt":"2023-02-03T23:10:17.290Z","favorited":false,"favoritesCount":0,"author":{"username":"trabuch21","bio":null,"image":"https://api.realworld.io/images/smiley-cyrus.jpeg","following":false}},{"slug":"Bryan-Fossoway-132513","title":"Bryan Fossoway","description":"Volantis","body":"The things I do for love.","tagList":[],"createdAt":"2023-02-03T23:10:17.289Z","updatedAt":"2023-02-03T23:10:17.289Z","favorited":false,"favoritesCount":0,"author":{"username":"trabuch21","bio":null,"image":"https://api.realworld.io/images/smiley-cyrus.jpeg","following":false}},{"slug":"Qarl-Correy-132513","title":"Qarl Correy","description":"Elyria","body":"... a mind needs books as a sword needs a whetstone, if it is to keep its edge.","tagList":[],"createdAt":"2023-02-03T22:41:23.500Z","updatedAt":"2023-02-03T22:41:23.500Z","favorited":true,"favoritesCount":1,"author":{"username":"trabuch21","bio":null,"image":"https://api.realworld.io/images/smiley-cyrus.jpeg","following":false}},{"slug":"Samwell-Tarly-132513","title":"Samwell Tarly","description":"Tolos","body":"A lion doesn't concern itself with the opinion of sheep.","tagList":[],"createdAt":"2023-02-03T22:41:23.431Z","updatedAt":"2023-02-03T22:41:23.431Z","favorited":false,"favoritesCount":0,"author":{"username":"trabuch21","bio":null,"image":"https://api.realworld.io/images/smiley-cyrus.jpeg","following":false}},{"slug":"Galladon-of-Morne-132513","title":"Galladon of Morne","description":"Yunkai","body":"Give me honorable enemies rather than ambitious ones, and I'll sleep more easily by night.","tagList":[],"createdAt":"2023-02-01T18:13:42.065Z","updatedAt":"2023-02-01T18:13:42.065Z","favorited":true,"favoritesCount":1,"author":{"username":"trabuch21","bio":null,"image":"https://api.realworld.io/images/smiley-cyrus.jpeg","following":false}},{"slug":"Wilbert-Osgrey-132513","title":"Wilbert Osgrey","description":"New Ghis","body":"There are no heroes...in life, the monsters win.","tagList":[],"createdAt":"2023-02-01T18:13:42.064Z","updatedAt":"2023-02-01T18:13:42.064Z","favorited":false,"favoritesCount":0,"author":{"username":"trabuch21","bio":null,"image":"https://api.realworld.io/images/smiley-cyrus.jpeg","following":false}},{"slug":"Aeron-Greyjoy-132513","title":"Aeron Greyjoy","description":"Astapor","body":"Knowledge could be more valuable than gold, more deadly than a dagger.","tagList":[],"createdAt":"2023-02-01T18:13:16.517Z","updatedAt":"2023-02-01T18:13:16.517Z","favorited":false,"favoritesCount":0,"author":{"username":"trabuch21","bio":null,"image":"https://api.realworld.io/images/smiley-cyrus.jpeg","following":false}},{"slug":"test22221-132513","title":"test22221","description":"asdasd","body":"asdadasd","tagList":[],"createdAt":"2023-01-31T19:30:43.042Z","updatedAt":"2023-01-31T19:30:43.042Z","favorited":true,"favoritesCount":1,"author":{"username":"trabuch21","bio":null,"image":"https://api.realworld.io/images/smiley-cyrus.jpeg","following":false}},{"slug":"Joss-the-Gloom-132513","title":"Joss the Gloom","description":"Myr","body":"Do the dead frighten you?","tagList":[],"createdAt":"2023-01-30T19:19:19.861Z","updatedAt":"2023-01-30T19:19:19.861Z","favorited":false,"favoritesCount":0,"author":{"username":"trabuch21","bio":null,"image":"https://api.realworld.io/images/smiley-cyrus.jpeg","following":false}},{"slug":"Daemon-Targaryen-132513","title":"Daemon Targaryen","description":"Sar Meel","body":"Nothing burns like the cold.","tagList":[],"createdAt":"2023-01-30T19:19:04.945Z","updatedAt":"2023-01-30T19:19:04.945Z","favorited":false,"favoritesCount":0,"author":{"username":"trabuch21","bio":null,"image":"https://api.realworld.io/images/smiley-cyrus.jpeg","following":false}}],"articlesCount":224}

23:10:18.598 [pool-1-thread-1] DEBUG com.intuit.karate - retry condition not satisfied: response.articles[0].favoritesCount == 1
23:10:18.600 [pool-1-thread-1] DEBUG com.intuit.karate - sleeping before retry #1
23:10:19.051 [pool-1-thread-5] DEBUG com.intuit.karate - response time in milliseconds: 1735
2 < 200
2 < Date: Fri, 03 Feb 2023 23:10:18 GMT
2 < Content-Type: application/json; charset=utf-8
2 < Transfer-Encoding: chunked
2 < Connection: keep-alive
2 < X-Powered-By: Express
2 < Access-Control-Allow-Origin: *
2 < Etag: W/"f1e-ap111XhILt1yqWYhbUXZRdggySI"
2 < Via: 1.1 vegur
2 < CF-Cache-Status: DYNAMIC
2 < Report-To: {"endpoints":[{"url":"https:\/\/a.nel.cloudflare.com\/report\/v3?s=COnxI1U59TrJdzDnOtKBHCIX3uIbp1XrP1WuO6Pcix0HuaFDQlrdHXR0SGx%2F%2FHynMCdTeOWdgGnK2MZBqKTGEHoB9TPi1zUKB6bxyJPT3luHcmEBY2zCrwC2Ft5hikPp%2Fecz"}],"group":"cf-nel","max_age":604800}
2 < NEL: {"success_fraction":0,"report_to":"cf-nel","max_age":604800}
2 < Server: cloudflare
2 < CF-RAY: 793ed6cfe855e082-NRT
2 < alt-svc: h3=":443"; ma=86400, h3-29=":443"; ma=86400
{"articles":[{"slug":"Haldon-132513","title":"Haldon","description":"Pentos","body":"Hodor? Hodor.","tagList":[],"createdAt":"2023-02-03T23:10:17.290Z","updatedAt":"2023-02-03T23:10:17.290Z","favorited":false,"favoritesCount":0,"author":{"username":"trabuch21","bio":null,"image":"https://api.realworld.io/images/smiley-cyrus.jpeg","following":false}},{"slug":"Bryan-Fossoway-132513","title":"Bryan Fossoway","description":"Volantis","body":"The things I do for love.","tagList":[],"createdAt":"2023-02-03T23:10:17.289Z","updatedAt":"2023-02-03T23:10:17.289Z","favorited":false,"favoritesCount":0,"author":{"username":"trabuch21","bio":null,"image":"https://api.realworld.io/images/smiley-cyrus.jpeg","following":false}},{"slug":"Qarl-Correy-132513","title":"Qarl Correy","description":"Elyria","body":"... a mind needs books as a sword needs a whetstone, if it is to keep its edge.","tagList":[],"createdAt":"2023-02-03T22:41:23.500Z","updatedAt":"2023-02-03T22:41:23.500Z","favorited":true,"favoritesCount":1,"author":{"username":"trabuch21","bio":null,"image":"https://api.realworld.io/images/smiley-cyrus.jpeg","following":false}},{"slug":"Samwell-Tarly-132513","title":"Samwell Tarly","description":"Tolos","body":"A lion doesn't concern itself with the opinion of sheep.","tagList":[],"createdAt":"2023-02-03T22:41:23.431Z","updatedAt":"2023-02-03T22:41:23.431Z","favorited":false,"favoritesCount":0,"author":{"username":"trabuch21","bio":null,"image":"https://api.realworld.io/images/smiley-cyrus.jpeg","following":false}},{"slug":"Galladon-of-Morne-132513","title":"Galladon of Morne","description":"Yunkai","body":"Give me honorable enemies rather than ambitious ones, and I'll sleep more easily by night.","tagList":[],"createdAt":"2023-02-01T18:13:42.065Z","updatedAt":"2023-02-01T18:13:42.065Z","favorited":true,"favoritesCount":1,"author":{"username":"trabuch21","bio":null,"image":"https://api.realworld.io/images/smiley-cyrus.jpeg","following":false}},{"slug":"Wilbert-Osgrey-132513","title":"Wilbert Osgrey","description":"New Ghis","body":"There are no heroes...in life, the monsters win.","tagList":[],"createdAt":"2023-02-01T18:13:42.064Z","updatedAt":"2023-02-01T18:13:42.064Z","favorited":false,"favoritesCount":0,"author":{"username":"trabuch21","bio":null,"image":"https://api.realworld.io/images/smiley-cyrus.jpeg","following":false}},{"slug":"Aeron-Greyjoy-132513","title":"Aeron Greyjoy","description":"Astapor","body":"Knowledge could be more valuable than gold, more deadly than a dagger.","tagList":[],"createdAt":"2023-02-01T18:13:16.517Z","updatedAt":"2023-02-01T18:13:16.517Z","favorited":false,"favoritesCount":0,"author":{"username":"trabuch21","bio":null,"image":"https://api.realworld.io/images/smiley-cyrus.jpeg","following":false}},{"slug":"test22221-132513","title":"test22221","description":"asdasd","body":"asdadasd","tagList":[],"createdAt":"2023-01-31T19:30:43.042Z","updatedAt":"2023-01-31T19:30:43.042Z","favorited":true,"favoritesCount":1,"author":{"username":"trabuch21","bio":null,"image":"https://api.realworld.io/images/smiley-cyrus.jpeg","following":false}},{"slug":"Joss-the-Gloom-132513","title":"Joss the Gloom","description":"Myr","body":"Do the dead frighten you?","tagList":[],"createdAt":"2023-01-30T19:19:19.861Z","updatedAt":"2023-01-30T19:19:19.861Z","favorited":false,"favoritesCount":0,"author":{"username":"trabuch21","bio":null,"image":"https://api.realworld.io/images/smiley-cyrus.jpeg","following":false}},{"slug":"Daemon-Targaryen-132513","title":"Daemon Targaryen","description":"Sar Meel","body":"Nothing burns like the cold.","tagList":[],"createdAt":"2023-01-30T19:19:04.945Z","updatedAt":"2023-01-30T19:19:04.945Z","favorited":false,"favoritesCount":0,"author":{"username":"trabuch21","bio":null,"image":"https://api.realworld.io/images/smiley-cyrus.jpeg","following":false}}],"articlesCount":224}

23:10:19.051 [pool-1-thread-4] DEBUG com.intuit.karate - response time in milliseconds: 1677
1 < 200
1 < Date: Fri, 03 Feb 2023 23:10:18 GMT
1 < Content-Type: application/json; charset=utf-8
1 < Transfer-Encoding: chunked
1 < Connection: keep-alive
1 < X-Powered-By: Express
1 < Access-Control-Allow-Origin: *
1 < Etag: W/"f1e-ap111XhILt1yqWYhbUXZRdggySI"
1 < Via: 1.1 vegur
1 < CF-Cache-Status: DYNAMIC
1 < Report-To: {"endpoints":[{"url":"https:\/\/a.nel.cloudflare.com\/report\/v3?s=X0kie9YJxW2Z4v%2BetXsXcgBWK%2FfNmPdxnxEIIIA1LY4%2FD3dvXUZz0KYWEbOSLda7impKz7ix3o9GcRqFhs1TeGg47v%2Ft2BGXb%2FzdSFwr%2B2%2FrWk72mlKvTh7VsbhiuqhDTxiF"}],"group":"cf-nel","max_age":604800}
1 < NEL: {"success_fraction":0,"report_to":"cf-nel","max_age":604800}
1 < Server: cloudflare
1 < CF-RAY: 793ed6d02ac6af9f-NRT
1 < alt-svc: h3=":443"; ma=86400, h3-29=":443"; ma=86400
{"articles":[{"slug":"Haldon-132513","title":"Haldon","description":"Pentos","body":"Hodor? Hodor.","tagList":[],"createdAt":"2023-02-03T23:10:17.290Z","updatedAt":"2023-02-03T23:10:17.290Z","favorited":false,"favoritesCount":0,"author":{"username":"trabuch21","bio":null,"image":"https://api.realworld.io/images/smiley-cyrus.jpeg","following":false}},{"slug":"Bryan-Fossoway-132513","title":"Bryan Fossoway","description":"Volantis","body":"The things I do for love.","tagList":[],"createdAt":"2023-02-03T23:10:17.289Z","updatedAt":"2023-02-03T23:10:17.289Z","favorited":false,"favoritesCount":0,"author":{"username":"trabuch21","bio":null,"image":"https://api.realworld.io/images/smiley-cyrus.jpeg","following":false}},{"slug":"Qarl-Correy-132513","title":"Qarl Correy","description":"Elyria","body":"... a mind needs books as a sword needs a whetstone, if it is to keep its edge.","tagList":[],"createdAt":"2023-02-03T22:41:23.500Z","updatedAt":"2023-02-03T22:41:23.500Z","favorited":true,"favoritesCount":1,"author":{"username":"trabuch21","bio":null,"image":"https://api.realworld.io/images/smiley-cyrus.jpeg","following":false}},{"slug":"Samwell-Tarly-132513","title":"Samwell Tarly","description":"Tolos","body":"A lion doesn't concern itself with the opinion of sheep.","tagList":[],"createdAt":"2023-02-03T22:41:23.431Z","updatedAt":"2023-02-03T22:41:23.431Z","favorited":false,"favoritesCount":0,"author":{"username":"trabuch21","bio":null,"image":"https://api.realworld.io/images/smiley-cyrus.jpeg","following":false}},{"slug":"Galladon-of-Morne-132513","title":"Galladon of Morne","description":"Yunkai","body":"Give me honorable enemies rather than ambitious ones, and I'll sleep more easily by night.","tagList":[],"createdAt":"2023-02-01T18:13:42.065Z","updatedAt":"2023-02-01T18:13:42.065Z","favorited":true,"favoritesCount":1,"author":{"username":"trabuch21","bio":null,"image":"https://api.realworld.io/images/smiley-cyrus.jpeg","following":false}},{"slug":"Wilbert-Osgrey-132513","title":"Wilbert Osgrey","description":"New Ghis","body":"There are no heroes...in life, the monsters win.","tagList":[],"createdAt":"2023-02-01T18:13:42.064Z","updatedAt":"2023-02-01T18:13:42.064Z","favorited":false,"favoritesCount":0,"author":{"username":"trabuch21","bio":null,"image":"https://api.realworld.io/images/smiley-cyrus.jpeg","following":false}},{"slug":"Aeron-Greyjoy-132513","title":"Aeron Greyjoy","description":"Astapor","body":"Knowledge could be more valuable than gold, more deadly than a dagger.","tagList":[],"createdAt":"2023-02-01T18:13:16.517Z","updatedAt":"2023-02-01T18:13:16.517Z","favorited":false,"favoritesCount":0,"author":{"username":"trabuch21","bio":null,"image":"https://api.realworld.io/images/smiley-cyrus.jpeg","following":false}},{"slug":"test22221-132513","title":"test22221","description":"asdasd","body":"asdadasd","tagList":[],"createdAt":"2023-01-31T19:30:43.042Z","updatedAt":"2023-01-31T19:30:43.042Z","favorited":true,"favoritesCount":1,"author":{"username":"trabuch21","bio":null,"image":"https://api.realworld.io/images/smiley-cyrus.jpeg","following":false}},{"slug":"Joss-the-Gloom-132513","title":"Joss the Gloom","description":"Myr","body":"Do the dead frighten you?","tagList":[],"createdAt":"2023-01-30T19:19:19.861Z","updatedAt":"2023-01-30T19:19:19.861Z","favorited":false,"favoritesCount":0,"author":{"username":"trabuch21","bio":null,"image":"https://api.realworld.io/images/smiley-cyrus.jpeg","following":false}},{"slug":"Daemon-Targaryen-132513","title":"Daemon Targaryen","description":"Sar Meel","body":"Nothing burns like the cold.","tagList":[],"createdAt":"2023-01-30T19:19:04.945Z","updatedAt":"2023-01-30T19:19:04.945Z","favorited":false,"favoritesCount":0,"author":{"username":"trabuch21","bio":null,"image":"https://api.realworld.io/images/smiley-cyrus.jpeg","following":false}}],"articlesCount":224}

23:10:19.051 [pool-1-thread-3] DEBUG com.intuit.karate - response time in milliseconds: 1653
1 < 200
1 < Date: Fri, 03 Feb 2023 23:10:18 GMT
1 < Content-Type: application/json; charset=utf-8
1 < Transfer-Encoding: chunked
1 < Connection: keep-alive
1 < X-Powered-By: Express
1 < Access-Control-Allow-Origin: *
1 < Etag: W/"f1e-ap111XhILt1yqWYhbUXZRdggySI"
1 < Via: 1.1 vegur
1 < CF-Cache-Status: DYNAMIC
1 < Report-To: {"endpoints":[{"url":"https:\/\/a.nel.cloudflare.com\/report\/v3?s=%2BNvGXszdhhdGzkjp8%2FqqDurK5feXEgAUEI6GRC98RFjwlt63oD6zcHIifpZahjoS0KVPH8NebwmFUrgitoRTrFNJepxTbG4wtLZDiTsL%2FJkEI%2BxLR1SA4rA4kM0U3zCOgyCQ"}],"group":"cf-nel","max_age":604800}
1 < NEL: {"success_fraction":0,"report_to":"cf-nel","max_age":604800}
1 < Server: cloudflare
1 < CF-RAY: 793ed6d06aee347b-NRT
1 < alt-svc: h3=":443"; ma=86400, h3-29=":443"; ma=86400
{"articles":[{"slug":"Haldon-132513","title":"Haldon","description":"Pentos","body":"Hodor? Hodor.","tagList":[],"createdAt":"2023-02-03T23:10:17.290Z","updatedAt":"2023-02-03T23:10:17.290Z","favorited":false,"favoritesCount":0,"author":{"username":"trabuch21","bio":null,"image":"https://api.realworld.io/images/smiley-cyrus.jpeg","following":false}},{"slug":"Bryan-Fossoway-132513","title":"Bryan Fossoway","description":"Volantis","body":"The things I do for love.","tagList":[],"createdAt":"2023-02-03T23:10:17.289Z","updatedAt":"2023-02-03T23:10:17.289Z","favorited":false,"favoritesCount":0,"author":{"username":"trabuch21","bio":null,"image":"https://api.realworld.io/images/smiley-cyrus.jpeg","following":false}},{"slug":"Qarl-Correy-132513","title":"Qarl Correy","description":"Elyria","body":"... a mind needs books as a sword needs a whetstone, if it is to keep its edge.","tagList":[],"createdAt":"2023-02-03T22:41:23.500Z","updatedAt":"2023-02-03T22:41:23.500Z","favorited":true,"favoritesCount":1,"author":{"username":"trabuch21","bio":null,"image":"https://api.realworld.io/images/smiley-cyrus.jpeg","following":false}},{"slug":"Samwell-Tarly-132513","title":"Samwell Tarly","description":"Tolos","body":"A lion doesn't concern itself with the opinion of sheep.","tagList":[],"createdAt":"2023-02-03T22:41:23.431Z","updatedAt":"2023-02-03T22:41:23.431Z","favorited":false,"favoritesCount":0,"author":{"username":"trabuch21","bio":null,"image":"https://api.realworld.io/images/smiley-cyrus.jpeg","following":false}},{"slug":"Galladon-of-Morne-132513","title":"Galladon of Morne","description":"Yunkai","body":"Give me honorable enemies rather than ambitious ones, and I'll sleep more easily by night.","tagList":[],"createdAt":"2023-02-01T18:13:42.065Z","updatedAt":"2023-02-01T18:13:42.065Z","favorited":true,"favoritesCount":1,"author":{"username":"trabuch21","bio":null,"image":"https://api.realworld.io/images/smiley-cyrus.jpeg","following":false}},{"slug":"Wilbert-Osgrey-132513","title":"Wilbert Osgrey","description":"New Ghis","body":"There are no heroes...in life, the monsters win.","tagList":[],"createdAt":"2023-02-01T18:13:42.064Z","updatedAt":"2023-02-01T18:13:42.064Z","favorited":false,"favoritesCount":0,"author":{"username":"trabuch21","bio":null,"image":"https://api.realworld.io/images/smiley-cyrus.jpeg","following":false}},{"slug":"Aeron-Greyjoy-132513","title":"Aeron Greyjoy","description":"Astapor","body":"Knowledge could be more valuable than gold, more deadly than a dagger.","tagList":[],"createdAt":"2023-02-01T18:13:16.517Z","updatedAt":"2023-02-01T18:13:16.517Z","favorited":false,"favoritesCount":0,"author":{"username":"trabuch21","bio":null,"image":"https://api.realworld.io/images/smiley-cyrus.jpeg","following":false}},{"slug":"test22221-132513","title":"test22221","description":"asdasd","body":"asdadasd","tagList":[],"createdAt":"2023-01-31T19:30:43.042Z","updatedAt":"2023-01-31T19:30:43.042Z","favorited":true,"favoritesCount":1,"author":{"username":"trabuch21","bio":null,"image":"https://api.realworld.io/images/smiley-cyrus.jpeg","following":false}},{"slug":"Joss-the-Gloom-132513","title":"Joss the Gloom","description":"Myr","body":"Do the dead frighten you?","tagList":[],"createdAt":"2023-01-30T19:19:19.861Z","updatedAt":"2023-01-30T19:19:19.861Z","favorited":false,"favoritesCount":0,"author":{"username":"trabuch21","bio":null,"image":"https://api.realworld.io/images/smiley-cyrus.jpeg","following":false}},{"slug":"Daemon-Targaryen-132513","title":"Daemon Targaryen","description":"Sar Meel","body":"Nothing burns like the cold.","tagList":[],"createdAt":"2023-01-30T19:19:04.945Z","updatedAt":"2023-01-30T19:19:04.945Z","favorited":false,"favoritesCount":0,"author":{"username":"trabuch21","bio":null,"image":"https://api.realworld.io/images/smiley-cyrus.jpeg","following":false}}],"articlesCount":224}

23:10:19.058 [pool-1-thread-5] ERROR com.intuit.karate - classpath:conduitApp/features/HomePage.feature:44
And match response.articles[0].favoritesCount == result
match failed: EQUALS
  $ | not equal (NUMBER:NUMBER)
  0
  1

classpath:conduitApp/features/HomePage.feature:44
23:10:19.075 [pool-1-thread-3] DEBUG com.intuit.karate - request:
2 > POST https://api.realworld.io/api/articles/Haldon-132513/favorite
2 > Authorization: Token eyJhbGciOiJIUzI1NiIsInR5cCI6IkpXVCJ9.eyJlbWFpbCI6InRyYWJ1Y2gyMUBnbWFpbC5jb20iLCJ1c2VybmFtZSI6InRyYWJ1Y2gyMSIsImlhdCI6MTY3NTQ2NTgxNSwiZXhwIjoxNjgwNjQ5ODE1fQ.U5_sbWYDYbj1UGqdwdvI7yVc3-7R-ZYEJfkizbdIJJ0
2 > Content-Type: application/json; charset=UTF-8
2 > Content-Length: 2
2 > Host: api.realworld.io
2 > Connection: Keep-Alive
2 > User-Agent: Apache-HttpClient/4.5.13 (Java/18.0.2.1)
2 > Accept-Encoding: gzip,deflate
{}

23:10:19.453 [pool-1-thread-2] DEBUG com.intuit.karate - response time in milliseconds: 863
3 < 204
3 < Date: Fri, 03 Feb 2023 23:10:19 GMT
3 < Content-Length: 0
3 < Connection: keep-alive
3 < X-Powered-By: Express
3 < Access-Control-Allow-Origin: *
3 < Etag: W/"a-bAsFyilMr4Ra1hIU5PyoyFRunpI"
3 < Via: 1.1 vegur
3 < CF-Cache-Status: DYNAMIC
3 < Report-To: {"endpoints":[{"url":"https:\/\/a.nel.cloudflare.com\/report\/v3?s=PslLP5wT3CMQUbJFO3vuK0%2FLHBVnXPP2oSWSbe2oXhONUlLiCJDX6L6PhJx%2FachDyoAqFRPR9poGpyKgjLLhhOXcnEOHrY5HfZRb5B95wO9M%2Fn%2FM6%2Fk3RCKiux7F3uB03iss"}],"group":"cf-nel","max_age":604800}
3 < NEL: {"success_fraction":0,"report_to":"cf-nel","max_age":604800}
3 < Server: cloudflare
3 < CF-RAY: 793ed6da7cdbafaf-NRT
3 < alt-svc: h3=":443"; ma=86400, h3-29=":443"; ma=86400


23:10:19.481 [pool-1-thread-2] DEBUG com.intuit.karate - request:
4 > GET https://api.realworld.io/api/articles?offset=0&limit=10
4 > Authorization: Token eyJhbGciOiJIUzI1NiIsInR5cCI6IkpXVCJ9.eyJlbWFpbCI6InRyYWJ1Y2gyMUBnbWFpbC5jb20iLCJ1c2VybmFtZSI6InRyYWJ1Y2gyMSIsImlhdCI6MTY3NTQ2NTgxNSwiZXhwIjoxNjgwNjQ5ODE1fQ.U5_sbWYDYbj1UGqdwdvI7yVc3-7R-ZYEJfkizbdIJJ0
4 > Host: api.realworld.io
4 > Connection: Keep-Alive
4 > User-Agent: Apache-HttpClient/4.5.13 (Java/18.0.2.1)
4 > Accept-Encoding: gzip,deflate


23:10:19.498 [pool-1-thread-3] DEBUG com.intuit.karate - response time in milliseconds: 420
2 < 500
2 < Date: Fri, 03 Feb 2023 23:10:19 GMT
2 < Content-Type: application/json; charset=utf-8
2 < Content-Length: 198
2 < Connection: keep-alive
2 < X-Powered-By: Express
2 < Access-Control-Allow-Origin: *
2 < Etag: W/"c6-lOugqh+Nyq3jZh+QqGuQxpacwRQ"
2 < Via: 1.1 vegur
2 < CF-Cache-Status: DYNAMIC
2 < Report-To: {"endpoints":[{"url":"https:\/\/a.nel.cloudflare.com\/report\/v3?s=z4pfcWgG5Yi34MFU4KTG6pUVzcrhDSN%2BRDcKaxiohmAyASl%2Fx4byYFtiDncREZvowKvxdrls3j1eUqFalL%2F8C5StcIcfMV0AcibBseax0q0P8T9JaLjvGuymQ1d2CPpKBDDw"}],"group":"cf-nel","max_age":604800}
2 < NEL: {"success_fraction":0,"report_to":"cf-nel","max_age":604800}
2 < Server: cloudflare
2 < CF-RAY: 793ed6dacecdf6f6-NRT
2 < alt-svc: h3=":443"; ma=86400, h3-29=":443"; ma=86400
"\nInvalid `prisma.article.update()` invocation:\n\n\nQuery interpretation error. Error for binding '0': AssertionError(\"Required exactly one parent ID to be present for connect query, found 0.\")"

23:10:19.502 [pool-1-thread-3] ERROR com.intuit.karate - classpath:conduitApp/features/HomeWork.feature:29
Then status 200
status code was: 500, expected: 200, response time in milliseconds: 420, url: https://api.realworld.io/api/articles/Haldon-132513/favorite, response: 
"\nInvalid `prisma.article.update()` invocation:\n\n\nQuery interpretation error. Error for binding '0': AssertionError(\"Required exactly one parent ID to be present for connect query, found 0.\")"
classpath:conduitApp/features/HomeWork.feature:29
23:10:20.191 [pool-1-thread-2] DEBUG com.intuit.karate - response time in milliseconds: 696
4 < 200
4 < Date: Fri, 03 Feb 2023 23:10:20 GMT
4 < Content-Type: application/json; charset=utf-8
4 < Transfer-Encoding: chunked
4 < Connection: keep-alive
4 < X-Powered-By: Express
4 < Access-Control-Allow-Origin: *
4 < Etag: W/"f34-VABdU+98ih0oY/ls/qC6ieWyexY"
4 < Via: 1.1 vegur
4 < CF-Cache-Status: DYNAMIC
4 < Report-To: {"endpoints":[{"url":"https:\/\/a.nel.cloudflare.com\/report\/v3?s=vW3GgzYSVOtnsM6z30Wpq%2FFjVNAWZtLaNLh9aeT%2B9Ws25FhAeBurX4lF0OircIHB%2FJC1ppbKAt7ZUMdGaT4u6jVC1Lbz4XLJ0UHSoQ4jPyFcjOTXiZeDx8FmvcQf8nkpVVpn"}],"group":"cf-nel","max_age":604800}
4 < NEL: {"success_fraction":0,"report_to":"cf-nel","max_age":604800}
4 < Server: cloudflare
4 < CF-RAY: 793ed6dd8b6e1f23-NRT
4 < alt-svc: h3=":443"; ma=86400, h3-29=":443"; ma=86400
{"articles":[{"slug":"Bryan-Fossoway-132513","title":"Bryan Fossoway","description":"Volantis","body":"The things I do for love.","tagList":[],"createdAt":"2023-02-03T23:10:17.289Z","updatedAt":"2023-02-03T23:10:17.289Z","favorited":false,"favoritesCount":0,"author":{"username":"trabuch21","bio":null,"image":"https://api.realworld.io/images/smiley-cyrus.jpeg","following":false}},{"slug":"Qarl-Correy-132513","title":"Qarl Correy","description":"Elyria","body":"... a mind needs books as a sword needs a whetstone, if it is to keep its edge.","tagList":[],"createdAt":"2023-02-03T22:41:23.500Z","updatedAt":"2023-02-03T22:41:23.500Z","favorited":true,"favoritesCount":1,"author":{"username":"trabuch21","bio":null,"image":"https://api.realworld.io/images/smiley-cyrus.jpeg","following":false}},{"slug":"Samwell-Tarly-132513","title":"Samwell Tarly","description":"Tolos","body":"A lion doesn't concern itself with the opinion of sheep.","tagList":[],"createdAt":"2023-02-03T22:41:23.431Z","updatedAt":"2023-02-03T22:41:23.431Z","favorited":false,"favoritesCount":0,"author":{"username":"trabuch21","bio":null,"image":"https://api.realworld.io/images/smiley-cyrus.jpeg","following":false}},{"slug":"Galladon-of-Morne-132513","title":"Galladon of Morne","description":"Yunkai","body":"Give me honorable enemies rather than ambitious ones, and I'll sleep more easily by night.","tagList":[],"createdAt":"2023-02-01T18:13:42.065Z","updatedAt":"2023-02-01T18:13:42.065Z","favorited":true,"favoritesCount":1,"author":{"username":"trabuch21","bio":null,"image":"https://api.realworld.io/images/smiley-cyrus.jpeg","following":false}},{"slug":"Wilbert-Osgrey-132513","title":"Wilbert Osgrey","description":"New Ghis","body":"There are no heroes...in life, the monsters win.","tagList":[],"createdAt":"2023-02-01T18:13:42.064Z","updatedAt":"2023-02-01T18:13:42.064Z","favorited":false,"favoritesCount":0,"author":{"username":"trabuch21","bio":null,"image":"https://api.realworld.io/images/smiley-cyrus.jpeg","following":false}},{"slug":"Aeron-Greyjoy-132513","title":"Aeron Greyjoy","description":"Astapor","body":"Knowledge could be more valuable than gold, more deadly than a dagger.","tagList":[],"createdAt":"2023-02-01T18:13:16.517Z","updatedAt":"2023-02-01T18:13:16.517Z","favorited":false,"favoritesCount":0,"author":{"username":"trabuch21","bio":null,"image":"https://api.realworld.io/images/smiley-cyrus.jpeg","following":false}},{"slug":"test22221-132513","title":"test22221","description":"asdasd","body":"asdadasd","tagList":[],"createdAt":"2023-01-31T19:30:43.042Z","updatedAt":"2023-01-31T19:30:43.042Z","favorited":true,"favoritesCount":1,"author":{"username":"trabuch21","bio":null,"image":"https://api.realworld.io/images/smiley-cyrus.jpeg","following":false}},{"slug":"Joss-the-Gloom-132513","title":"Joss the Gloom","description":"Myr","body":"Do the dead frighten you?","tagList":[],"createdAt":"2023-01-30T19:19:19.861Z","updatedAt":"2023-01-30T19:19:19.861Z","favorited":false,"favoritesCount":0,"author":{"username":"trabuch21","bio":null,"image":"https://api.realworld.io/images/smiley-cyrus.jpeg","following":false}},{"slug":"Daemon-Targaryen-132513","title":"Daemon Targaryen","description":"Sar Meel","body":"Nothing burns like the cold.","tagList":[],"createdAt":"2023-01-30T19:19:04.945Z","updatedAt":"2023-01-30T19:19:04.945Z","favorited":false,"favoritesCount":0,"author":{"username":"trabuch21","bio":null,"image":"https://api.realworld.io/images/smiley-cyrus.jpeg","following":false}},{"slug":"Jeffory-Mallister-132513","title":"Jeffory Mallister","description":"Pentos","body":"Hodor? Hodor.","tagList":[],"createdAt":"2023-01-30T19:18:43.198Z","updatedAt":"2023-01-30T19:18:43.198Z","favorited":false,"favoritesCount":0,"author":{"username":"trabuch21","bio":null,"image":"https://api.realworld.io/images/smiley-cyrus.jpeg","following":false}}],"articlesCount":223}

---------------------------------------------------------
feature: classpath:conduitApp/features/Articles.Feature
scenarios:  2 | passed:  2 | failed:  0 | time: 5.5490
---------------------------------------------------------

23:10:23.507 [pool-2-thread-1] INFO  com.intuit.karate.Suite - <<pass>> feature 1 of 5 (4 remaining) classpath:conduitApp/features/Articles.Feature
23:10:23.609 [pool-1-thread-1] DEBUG com.intuit.karate - request:
2 > GET https://api.realworld.io/api/articles?offset=0&limit=10
2 > Authorization: Token eyJhbGciOiJIUzI1NiIsInR5cCI6IkpXVCJ9.eyJlbWFpbCI6InRyYWJ1Y2gyMUBnbWFpbC5jb20iLCJ1c2VybmFtZSI6InRyYWJ1Y2gyMSIsImlhdCI6MTY3NTQ2NTgxNSwiZXhwIjoxNjgwNjQ5ODE1fQ.U5_sbWYDYbj1UGqdwdvI7yVc3-7R-ZYEJfkizbdIJJ0
2 > Host: api.realworld.io
2 > Connection: Keep-Alive
2 > User-Agent: Apache-HttpClient/4.5.13 (Java/18.0.2.1)
2 > Accept-Encoding: gzip,deflate


23:10:24.090 [pool-1-thread-2] INFO  com.intuit.karate - karate.env system property was: null 
23:10:24.096 [pool-1-thread-3] INFO  com.intuit.karate - karate.env system property was: null 
23:10:24.102 [pool-1-thread-2] INFO  com.intuit.karate - >> lock acquired, begin callonce: read('classpath:helpers/Dummy.feature')
23:10:24.106 [pool-1-thread-5] INFO  com.intuit.karate - karate.env system property was: null 
23:10:24.114 [pool-1-thread-4] INFO  com.intuit.karate - karate.env system property was: null 
23:10:24.130 [pool-1-thread-5] INFO  com.intuit.karate - karate.env system property was: null 
23:10:24.228 [pool-1-thread-2] INFO  com.intuit.karate - [print] lincoln.heaney 
23:10:24.233 [pool-1-thread-2] INFO  com.intuit.karate - << lock released, cached callonce: read('classpath:helpers/Dummy.feature')
23:10:24.233 [pool-1-thread-5] DEBUG com.intuit.karate - request:
1 > POST https://api.realworld.io/api/users
1 > Authorization: Token eyJhbGciOiJIUzI1NiIsInR5cCI6IkpXVCJ9.eyJlbWFpbCI6InRyYWJ1Y2gyMUBnbWFpbC5jb20iLCJ1c2VybmFtZSI6InRyYWJ1Y2gyMSIsImlhdCI6MTY3NTQ2NTgxNSwiZXhwIjoxNjgwNjQ5ODE1fQ.U5_sbWYDYbj1UGqdwdvI7yVc3-7R-ZYEJfkizbdIJJ0
1 > Content-Type: application/json; charset=UTF-8
1 > Content-Length: 86
1 > Host: api.realworld.io
1 > Connection: Keep-Alive
1 > User-Agent: Apache-HttpClient/4.5.13 (Java/18.0.2.1)
1 > Accept-Encoding: gzip,deflate
{"user":{"email":"oneida73@test.com","password":"Pokemon1411","username":"Trabuch21"}}

23:10:24.235 [pool-1-thread-4] DEBUG com.intuit.karate - request:
1 > POST https://api.realworld.io/api/users
1 > Authorization: Token eyJhbGciOiJIUzI1NiIsInR5cCI6IkpXVCJ9.eyJlbWFpbCI6InRyYWJ1Y2gyMUBnbWFpbC5jb20iLCJ1c2VybmFtZSI6InRyYWJ1Y2gyMSIsImlhdCI6MTY3NTQ2NTgxNSwiZXhwIjoxNjgwNjQ5ODE1fQ.U5_sbWYDYbj1UGqdwdvI7yVc3-7R-ZYEJfkizbdIJJ0
1 > Content-Type: application/json; charset=UTF-8
1 > Content-Length: 91
1 > Host: api.realworld.io
1 > Connection: Keep-Alive
1 > User-Agent: Apache-HttpClient/4.5.13 (Java/18.0.2.1)
1 > Accept-Encoding: gzip,deflate
{"user":{"email":"mirtha86@test.com","password":"aoisdjioads","username":"contessa.berge"}}

23:10:24.236 [pool-1-thread-3] WARN  com.intuit.karate - this thread waited 124 milliseconds for callonce lock: read('classpath:helpers/Dummy.feature')
Hola
23:10:24.240 [pool-1-thread-2] INFO  com.intuit.karate - [print] lincoln.heaney 
23:10:24.244 [pool-1-thread-2] INFO  com.intuit.karate - [print] This is second scenario 
Hola
23:10:24.249 [pool-1-thread-3] INFO  com.intuit.karate - [print] lincoln.heaney 
23:10:24.255 [pool-1-thread-3] INFO  com.intuit.karate - [print] This is first scenario 
23:10:24.266 [pool-1-thread-1] DEBUG com.intuit.karate - response time in milliseconds: 655
2 < 200
2 < Date: Fri, 03 Feb 2023 23:10:24 GMT
2 < Content-Type: application/json; charset=utf-8
2 < Transfer-Encoding: chunked
2 < Connection: keep-alive
2 < X-Powered-By: Express
2 < Access-Control-Allow-Origin: *
2 < Etag: W/"f34-VABdU+98ih0oY/ls/qC6ieWyexY"
2 < Via: 1.1 vegur
2 < CF-Cache-Status: DYNAMIC
2 < Report-To: {"endpoints":[{"url":"https:\/\/a.nel.cloudflare.com\/report\/v3?s=jZFUUyRssGz5kN32apSBOlvYY6WL16r2s2IHTHDKE3eirwg5hmv6Ybd0r5FqvU6%2B%2B%2BtAjCV0NWFxsJRXo6VCMqa7oSG0ZWrW%2FNaS1biXXpAmZNDerFOMnBM%2BJdx3T%2Bwe4YEW"}],"group":"cf-nel","max_age":604800}
2 < NEL: {"success_fraction":0,"report_to":"cf-nel","max_age":604800}
2 < Server: cloudflare
2 < CF-RAY: 793ed6f72ccc3c11-NRT
2 < alt-svc: h3=":443"; ma=86400, h3-29=":443"; ma=86400
{"articles":[{"slug":"Bryan-Fossoway-132513","title":"Bryan Fossoway","description":"Volantis","body":"The things I do for love.","tagList":[],"createdAt":"2023-02-03T23:10:17.289Z","updatedAt":"2023-02-03T23:10:17.289Z","favorited":false,"favoritesCount":0,"author":{"username":"trabuch21","bio":null,"image":"https://api.realworld.io/images/smiley-cyrus.jpeg","following":false}},{"slug":"Qarl-Correy-132513","title":"Qarl Correy","description":"Elyria","body":"... a mind needs books as a sword needs a whetstone, if it is to keep its edge.","tagList":[],"createdAt":"2023-02-03T22:41:23.500Z","updatedAt":"2023-02-03T22:41:23.500Z","favorited":true,"favoritesCount":1,"author":{"username":"trabuch21","bio":null,"image":"https://api.realworld.io/images/smiley-cyrus.jpeg","following":false}},{"slug":"Samwell-Tarly-132513","title":"Samwell Tarly","description":"Tolos","body":"A lion doesn't concern itself with the opinion of sheep.","tagList":[],"createdAt":"2023-02-03T22:41:23.431Z","updatedAt":"2023-02-03T22:41:23.431Z","favorited":false,"favoritesCount":0,"author":{"username":"trabuch21","bio":null,"image":"https://api.realworld.io/images/smiley-cyrus.jpeg","following":false}},{"slug":"Galladon-of-Morne-132513","title":"Galladon of Morne","description":"Yunkai","body":"Give me honorable enemies rather than ambitious ones, and I'll sleep more easily by night.","tagList":[],"createdAt":"2023-02-01T18:13:42.065Z","updatedAt":"2023-02-01T18:13:42.065Z","favorited":true,"favoritesCount":1,"author":{"username":"trabuch21","bio":null,"image":"https://api.realworld.io/images/smiley-cyrus.jpeg","following":false}},{"slug":"Wilbert-Osgrey-132513","title":"Wilbert Osgrey","description":"New Ghis","body":"There are no heroes...in life, the monsters win.","tagList":[],"createdAt":"2023-02-01T18:13:42.064Z","updatedAt":"2023-02-01T18:13:42.064Z","favorited":false,"favoritesCount":0,"author":{"username":"trabuch21","bio":null,"image":"https://api.realworld.io/images/smiley-cyrus.jpeg","following":false}},{"slug":"Aeron-Greyjoy-132513","title":"Aeron Greyjoy","description":"Astapor","body":"Knowledge could be more valuable than gold, more deadly than a dagger.","tagList":[],"createdAt":"2023-02-01T18:13:16.517Z","updatedAt":"2023-02-01T18:13:16.517Z","favorited":false,"favoritesCount":0,"author":{"username":"trabuch21","bio":null,"image":"https://api.realworld.io/images/smiley-cyrus.jpeg","following":false}},{"slug":"test22221-132513","title":"test22221","description":"asdasd","body":"asdadasd","tagList":[],"createdAt":"2023-01-31T19:30:43.042Z","updatedAt":"2023-01-31T19:30:43.042Z","favorited":true,"favoritesCount":1,"author":{"username":"trabuch21","bio":null,"image":"https://api.realworld.io/images/smiley-cyrus.jpeg","following":false}},{"slug":"Joss-the-Gloom-132513","title":"Joss the Gloom","description":"Myr","body":"Do the dead frighten you?","tagList":[],"createdAt":"2023-01-30T19:19:19.861Z","updatedAt":"2023-01-30T19:19:19.861Z","favorited":false,"favoritesCount":0,"author":{"username":"trabuch21","bio":null,"image":"https://api.realworld.io/images/smiley-cyrus.jpeg","following":false}},{"slug":"Daemon-Targaryen-132513","title":"Daemon Targaryen","description":"Sar Meel","body":"Nothing burns like the cold.","tagList":[],"createdAt":"2023-01-30T19:19:04.945Z","updatedAt":"2023-01-30T19:19:04.945Z","favorited":false,"favoritesCount":0,"author":{"username":"trabuch21","bio":null,"image":"https://api.realworld.io/images/smiley-cyrus.jpeg","following":false}},{"slug":"Jeffory-Mallister-132513","title":"Jeffory Mallister","description":"Pentos","body":"Hodor? Hodor.","tagList":[],"createdAt":"2023-01-30T19:18:43.198Z","updatedAt":"2023-01-30T19:18:43.198Z","favorited":false,"favoritesCount":0,"author":{"username":"trabuch21","bio":null,"image":"https://api.realworld.io/images/smiley-cyrus.jpeg","following":false}}],"articlesCount":223}

23:10:24.269 [pool-1-thread-2] INFO  com.intuit.karate - [print] rebeca.swaniawski 
23:10:24.272 [pool-1-thread-1] DEBUG com.intuit.karate - retry condition not satisfied: response.articles[0].favoritesCount == 1
23:10:24.274 [pool-1-thread-1] DEBUG com.intuit.karate - sleeping before retry #2
23:10:24.285 [pool-1-thread-3] INFO  com.intuit.karate - [print] agnus.lang 
23:10:24.291 [pool-1-thread-2] INFO  com.intuit.karate - karate.env system property was: null 
23:10:24.299 [pool-1-thread-3] INFO  com.intuit.karate - karate.env system property was: null 
23:10:24.306 [pool-1-thread-2] DEBUG com.intuit.karate - request:
1 > POST https://api.realworld.io/api/users
1 > Authorization: Token eyJhbGciOiJIUzI1NiIsInR5cCI6IkpXVCJ9.eyJlbWFpbCI6InRyYWJ1Y2gyMUBnbWFpbC5jb20iLCJ1c2VybmFtZSI6InRyYWJ1Y2gyMSIsImlhdCI6MTY3NTQ2NTgxNSwiZXhwIjoxNjgwNjQ5ODE1fQ.U5_sbWYDYbj1UGqdwdvI7yVc3-7R-ZYEJfkizbdIJJ0
1 > Content-Type: application/json; charset=UTF-8
1 > Content-Length: 91
1 > Host: api.realworld.io
1 > Connection: Keep-Alive
[...]

23:10:58.906 [pool-1-thread-1] DEBUG com.intuit.karate - retry condition not satisfied: response.articles[0].favoritesCount == 1
23:10:58.908 [pool-1-thread-1] DEBUG com.intuit.karate - sleeping before retry #8
23:11:03.915 [pool-1-thread-1] DEBUG com.intuit.karate - request:
9 > GET https://api.realworld.io/api/articles?offset=0&limit=10
9 > Authorization: Token eyJhbGciOiJIUzI1NiIsInR5cCI6IkpXVCJ9.eyJlbWFpbCI6InRyYWJ1Y2gyMUBnbWFpbC5jb20iLCJ1c2VybmFtZSI6InRyYWJ1Y2gyMSIsImlhdCI6MTY3NTQ2NTgxNSwiZXhwIjoxNjgwNjQ5ODE1fQ.U5_sbWYDYbj1UGqdwdvI7yVc3-7R-ZYEJfkizbdIJJ0
9 > Host: api.realworld.io
9 > Connection: Keep-Alive
9 > User-Agent: Apache-HttpClient/4.5.13 (Java/18.0.2.1)
9 > Accept-Encoding: gzip,deflate


23:11:04.610 [pool-1-thread-1] DEBUG com.intuit.karate - response time in milliseconds: 694
9 < 200
9 < Date: Fri, 03 Feb 2023 23:11:04 GMT
9 < Content-Type: application/json; charset=utf-8
9 < Transfer-Encoding: chunked
9 < Connection: keep-alive
9 < X-Powered-By: Express
9 < Access-Control-Allow-Origin: *
9 < Etag: W/"f34-VABdU+98ih0oY/ls/qC6ieWyexY"
9 < Via: 1.1 vegur
9 < CF-Cache-Status: DYNAMIC
9 < Report-To: {"endpoints":[{"url":"https:\/\/a.nel.cloudflare.com\/report\/v3?s=22mCdHEE8Z84xrLa7ggzzN4k2HY1TZTx%2B%2FGVs4z3cWvMvrzXjnP%2BEmvSqCaT5Xe7wcbH%2BfmVXdxKQTvz8LWk9qun1iOtECAjR4Jk%2Be1lH0Pl81BmABX9n0%2FW2GgFDREde9Mf"}],"group":"cf-nel","max_age":604800}
9 < NEL: {"success_fraction":0,"report_to":"cf-nel","max_age":604800}
9 < Server: cloudflare
9 < CF-RAY: 793ed7f33e83e397-NRT
9 < alt-svc: h3=":443"; ma=86400, h3-29=":443"; ma=86400
{"articles":[{"slug":"Bryan-Fossoway-132513","title":"Bryan Fossoway","description":"Volantis","body":"The things I do for love.","tagList":[],"createdAt":"2023-02-03T23:10:17.289Z","updatedAt":"2023-02-03T23:10:17.289Z","favorited":false,"favoritesCount":0,"author":{"username":"trabuch21","bio":null,"image":"https://api.realworld.io/images/smiley-cyrus.jpeg","following":false}},{"slug":"Qarl-Correy-132513","title":"Qarl Correy","description":"Elyria","body":"... a mind needs books as a sword needs a whetstone, if it is to keep its edge.","tagList":[],"createdAt":"2023-02-03T22:41:23.500Z","updatedAt":"2023-02-03T22:41:23.500Z","favorited":true,"favoritesCount":1,"author":{"username":"trabuch21","bio":null,"image":"https://api.realworld.io/images/smiley-cyrus.jpeg","following":false}},{"slug":"Samwell-Tarly-132513","title":"Samwell Tarly","description":"Tolos","body":"A lion doesn't concern itself with the opinion of sheep.","tagList":[],"createdAt":"2023-02-03T22:41:23.431Z","updatedAt":"2023-02-03T22:41:23.431Z","favorited":false,"favoritesCount":0,"author":{"username":"trabuch21","bio":null,"image":"https://api.realworld.io/images/smiley-cyrus.jpeg","following":false}},{"slug":"Galladon-of-Morne-132513","title":"Galladon of Morne","description":"Yunkai","body":"Give me honorable enemies rather than ambitious ones, and I'll sleep more easily by night.","tagList":[],"createdAt":"2023-02-01T18:13:42.065Z","updatedAt":"2023-02-01T18:13:42.065Z","favorited":true,"favoritesCount":1,"author":{"username":"trabuch21","bio":null,"image":"https://api.realworld.io/images/smiley-cyrus.jpeg","following":false}},{"slug":"Wilbert-Osgrey-132513","title":"Wilbert Osgrey","description":"New Ghis","body":"There are no heroes...in life, the monsters win.","tagList":[],"createdAt":"2023-02-01T18:13:42.064Z","updatedAt":"2023-02-01T18:13:42.064Z","favorited":false,"favoritesCount":0,"author":{"username":"trabuch21","bio":null,"image":"https://api.realworld.io/images/smiley-cyrus.jpeg","following":false}},{"slug":"Aeron-Greyjoy-132513","title":"Aeron Greyjoy","description":"Astapor","body":"Knowledge could be more valuable than gold, more deadly than a dagger.","tagList":[],"createdAt":"2023-02-01T18:13:16.517Z","updatedAt":"2023-02-01T18:13:16.517Z","favorited":false,"favoritesCount":0,"author":{"username":"trabuch21","bio":null,"image":"https://api.realworld.io/images/smiley-cyrus.jpeg","following":false}},{"slug":"test22221-132513","title":"test22221","description":"asdasd","body":"asdadasd","tagList":[],"createdAt":"2023-01-31T19:30:43.042Z","updatedAt":"2023-01-31T19:30:43.042Z","favorited":true,"favoritesCount":1,"author":{"username":"trabuch21","bio":null,"image":"https://api.realworld.io/images/smiley-cyrus.jpeg","following":false}},{"slug":"Joss-the-Gloom-132513","title":"Joss the Gloom","description":"Myr","body":"Do the dead frighten you?","tagList":[],"createdAt":"2023-01-30T19:19:19.861Z","updatedAt":"2023-01-30T19:19:19.861Z","favorited":false,"favoritesCount":0,"author":{"username":"trabuch21","bio":null,"image":"https://api.realworld.io/images/smiley-cyrus.jpeg","following":false}},{"slug":"Daemon-Targaryen-132513","title":"Daemon Targaryen","description":"Sar Meel","body":"Nothing burns like the cold.","tagList":[],"createdAt":"2023-01-30T19:19:04.945Z","updatedAt":"2023-01-30T19:19:04.945Z","favorited":false,"favoritesCount":0,"author":{"username":"trabuch21","bio":null,"image":"https://api.realworld.io/images/smiley-cyrus.jpeg","following":false}},{"slug":"Jeffory-Mallister-132513","title":"Jeffory Mallister","description":"Pentos","body":"Hodor? Hodor.","tagList":[],"createdAt":"2023-01-30T19:18:43.198Z","updatedAt":"2023-01-30T19:18:43.198Z","favorited":false,"favoritesCount":0,"author":{"username":"trabuch21","bio":null,"image":"https://api.realworld.io/images/smiley-cyrus.jpeg","following":false}}],"articlesCount":223}

23:11:04.615 [pool-1-thread-1] DEBUG com.intuit.karate - retry condition not satisfied: response.articles[0].favoritesCount == 1
23:11:04.618 [pool-1-thread-1] DEBUG com.intuit.karate - sleeping before retry #9
23:11:09.625 [pool-1-thread-1] DEBUG com.intuit.karate - request:
10 > GET https://api.realworld.io/api/articles?offset=0&limit=10
10 > Authorization: Token eyJhbGciOiJIUzI1NiIsInR5cCI6IkpXVCJ9.eyJlbWFpbCI6InRyYWJ1Y2gyMUBnbWFpbC5jb20iLCJ1c2VybmFtZSI6InRyYWJ1Y2gyMSIsImlhdCI6MTY3NTQ2NTgxNSwiZXhwIjoxNjgwNjQ5ODE1fQ.U5_sbWYDYbj1UGqdwdvI7yVc3-7R-ZYEJfkizbdIJJ0
10 > Host: api.realworld.io
10 > Connection: Keep-Alive
10 > User-Agent: Apache-HttpClient/4.5.13 (Java/18.0.2.1)
10 > Accept-Encoding: gzip,deflate


23:11:10.395 [pool-1-thread-1] DEBUG com.intuit.karate - response time in milliseconds: 756
10 < 200
10 < Date: Fri, 03 Feb 2023 23:11:10 GMT
10 < Content-Type: application/json; charset=utf-8
10 < Transfer-Encoding: chunked
10 < Connection: keep-alive
10 < X-Powered-By: Express
10 < Access-Control-Allow-Origin: *
10 < Etag: W/"f34-VABdU+98ih0oY/ls/qC6ieWyexY"
10 < Via: 1.1 vegur
10 < CF-Cache-Status: DYNAMIC
10 < Report-To: {"endpoints":[{"url":"https:\/\/a.nel.cloudflare.com\/report\/v3?s=V8STctYRCbWw0bR1ivAtQ6BGrNx%2FD4D0lPHtytoBRSGocOFZfOf3BOaIgCdil1ntw3sV0JZetjBV4KNlndFoBF3Cna5wYgr%2BwYZydNznQ%2FKvfWdB5xjBiRYYHdQ9DoeBHdM4"}],"group":"cf-nel","max_age":604800}
10 < NEL: {"success_fraction":0,"report_to":"cf-nel","max_age":604800}
10 < Server: cloudflare
10 < CF-RAY: 793ed817292caf28-NRT
10 < alt-svc: h3=":443"; ma=86400, h3-29=":443"; ma=86400
{"articles":[{"slug":"Bryan-Fossoway-132513","title":"Bryan Fossoway","description":"Volantis","body":"The things I do for love.","tagList":[],"createdAt":"2023-02-03T23:10:17.289Z","updatedAt":"2023-02-03T23:10:17.289Z","favorited":false,"favoritesCount":0,"author":{"username":"trabuch21","bio":null,"image":"https://api.realworld.io/images/smiley-cyrus.jpeg","following":false}},{"slug":"Qarl-Correy-132513","title":"Qarl Correy","description":"Elyria","body":"... a mind needs books as a sword needs a whetstone, if it is to keep its edge.","tagList":[],"createdAt":"2023-02-03T22:41:23.500Z","updatedAt":"2023-02-03T22:41:23.500Z","favorited":true,"favoritesCount":1,"author":{"username":"trabuch21","bio":null,"image":"https://api.realworld.io/images/smiley-cyrus.jpeg","following":false}},{"slug":"Samwell-Tarly-132513","title":"Samwell Tarly","description":"Tolos","body":"A lion doesn't concern itself with the opinion of sheep.","tagList":[],"createdAt":"2023-02-03T22:41:23.431Z","updatedAt":"2023-02-03T22:41:23.431Z","favorited":false,"favoritesCount":0,"author":{"username":"trabuch21","bio":null,"image":"https://api.realworld.io/images/smiley-cyrus.jpeg","following":false}},{"slug":"Galladon-of-Morne-132513","title":"Galladon of Morne","description":"Yunkai","body":"Give me honorable enemies rather than ambitious ones, and I'll sleep more easily by night.","tagList":[],"createdAt":"2023-02-01T18:13:42.065Z","updatedAt":"2023-02-01T18:13:42.065Z","favorited":true,"favoritesCount":1,"author":{"username":"trabuch21","bio":null,"image":"https://api.realworld.io/images/smiley-cyrus.jpeg","following":false}},{"slug":"Wilbert-Osgrey-132513","title":"Wilbert Osgrey","description":"New Ghis","body":"There are no heroes...in life, the monsters win.","tagList":[],"createdAt":"2023-02-01T18:13:42.064Z","updatedAt":"2023-02-01T18:13:42.064Z","favorited":false,"favoritesCount":0,"author":{"username":"trabuch21","bio":null,"image":"https://api.realworld.io/images/smiley-cyrus.jpeg","following":false}},{"slug":"Aeron-Greyjoy-132513","title":"Aeron Greyjoy","description":"Astapor","body":"Knowledge could be more valuable than gold, more deadly than a dagger.","tagList":[],"createdAt":"2023-02-01T18:13:16.517Z","updatedAt":"2023-02-01T18:13:16.517Z","favorited":false,"favoritesCount":0,"author":{"username":"trabuch21","bio":null,"image":"https://api.realworld.io/images/smiley-cyrus.jpeg","following":false}},{"slug":"test22221-132513","title":"test22221","description":"asdasd","body":"asdadasd","tagList":[],"createdAt":"2023-01-31T19:30:43.042Z","updatedAt":"2023-01-31T19:30:43.042Z","favorited":true,"favoritesCount":1,"author":{"username":"trabuch21","bio":null,"image":"https://api.realworld.io/images/smiley-cyrus.jpeg","following":false}},{"slug":"Joss-the-Gloom-132513","title":"Joss the Gloom","description":"Myr","body":"Do the dead frighten you?","tagList":[],"createdAt":"2023-01-30T19:19:19.861Z","updatedAt":"2023-01-30T19:19:19.861Z","favorited":false,"favoritesCount":0,"author":{"username":"trabuch21","bio":null,"image":"https://api.realworld.io/images/smiley-cyrus.jpeg","following":false}},{"slug":"Daemon-Targaryen-132513","title":"Daemon Targaryen","description":"Sar Meel","body":"Nothing burns like the cold.","tagList":[],"createdAt":"2023-01-30T19:19:04.945Z","updatedAt":"2023-01-30T19:19:04.945Z","favorited":false,"favoritesCount":0,"author":{"username":"trabuch21","bio":null,"image":"https://api.realworld.io/images/smiley-cyrus.jpeg","following":false}},{"slug":"Jeffory-Mallister-132513","title":"Jeffory Mallister","description":"Pentos","body":"Hodor? Hodor.","tagList":[],"createdAt":"2023-01-30T19:18:43.198Z","updatedAt":"2023-01-30T19:18:43.198Z","favorited":false,"favoritesCount":0,"author":{"username":"trabuch21","bio":null,"image":"https://api.realworld.io/images/smiley-cyrus.jpeg","following":false}}],"articlesCount":223}

23:11:10.399 [pool-1-thread-1] DEBUG com.intuit.karate - retry condition not satisfied: response.articles[0].favoritesCount == 1
23:11:10.402 [pool-1-thread-1] ERROR com.intuit.karate - classpath:conduitApp/features/HomePage.feature:52
When method Get
too many retry attempts: 10
classpath:conduitApp/features/HomePage.feature:52
---------------------------------------------------------
feature: classpath:conduitApp/features/HomePage.feature
scenarios:  5 | passed:  2 | failed:  3 | time: 65.6085
---------------------------------------------------------

23:11:10.723 [pool-2-thread-1] INFO  com.intuit.karate.Suite - <<fail>> feature 2 of 5 (3 remaining) classpath:conduitApp/features/HomePage.feature
---------------------------------------------------------
feature: classpath:conduitApp/features/HomeWork.feature
scenarios:  2 | passed:  1 | failed:  1 | time: 2.1443
---------------------------------------------------------

23:11:10.911 [pool-2-thread-1] INFO  com.intuit.karate.Suite - <<fail>> feature 3 of 5 (2 remaining) classpath:conduitApp/features/HomeWork.feature
---------------------------------------------------------
feature: classpath:conduitApp/features/Hooks.feature
scenarios:  2 | passed:  2 | failed:  0 | time: 0.3068
---------------------------------------------------------

23:11:11.128 [pool-2-thread-1] INFO  com.intuit.karate.Suite - <<pass>> feature 4 of 5 (1 remaining) classpath:conduitApp/features/Hooks.feature
---------------------------------------------------------
feature: classpath:conduitApp/features/SigUp.feature
scenarios:  5 | passed:  5 | failed:  0 | time: 2.5225
---------------------------------------------------------

23:11:11.289 [pool-2-thread-1] INFO  com.intuit.karate.Suite - <<pass>> feature 5 of 5 (0 remaining) classpath:conduitApp/features/SigUp.feature
Karate version: 1.3.1
======================================================
elapsed:  65.88 | threads:    5 | thread time: 76.13 
features:     5 | skipped:    0 | efficiency: 0.23
scenarios:   16 | passed:    12 | failed: 4
======================================================
>>> failed features:
match failed: EQUALS
  $ | not equal | match failed for name: 'articlesCount' (MAP:MAP)
  {"articles":[{"slug":"Qarl-Correy-132513","title":"Qarl Correy","description":"Elyria","body":"... a mind needs books as a sword needs a whetstone, if it is to keep its edge.","tagList":[],"createdAt":"2023-02-03T22:41:23.500Z","updatedAt":"2023-02-03T22:41:23.500Z","favorited":true,"favoritesCount":1,"author":{"username":"trabuch21","bio":null,"image":"https://api.realworld.io/images/smiley-cyrus.jpeg","following":false}},{"slug":"Samwell-Tarly-132513","title":"Samwell Tarly","description":"Tolos","body":"A lion doesn't concern itself with the opinion of sheep.","tagList":[],"createdAt":"2023-02-03T22:41:23.431Z","updatedAt":"2023-02-03T22:41:23.431Z","favorited":false,"favoritesCount":0,"author":{"username":"trabuch21","bio":null,"image":"https://api.realworld.io/images/smiley-cyrus.jpeg","following":false}},{"slug":"Galladon-of-Morne-132513","title":"Galladon of Morne","description":"Yunkai","body":"Give me honorable enemies rather than ambitious ones, and I'll sleep more easily by night.","tagList":[],"createdAt":"2023-02-01T18:13:42.065Z","updatedAt":"2023-02-01T18:13:42.065Z","favorited":true,"favoritesCount":1,"author":{"username":"trabuch21","bio":null,"image":"https://api.realworld.io/images/smiley-cyrus.jpeg","following":false}},{"slug":"Wilbert-Osgrey-132513","title":"Wilbert Osgrey","description":"New Ghis","body":"There are no heroes...in life, the monsters win.","tagList":[],"createdAt":"2023-02-01T18:13:42.064Z","updatedAt":"2023-02-01T18:13:42.064Z","favorited":false,"favoritesCount":0,"author":{"username":"trabuch21","bio":null,"image":"https://api.realworld.io/images/smiley-cyrus.jpeg","following":false}},{"slug":"Aeron-Greyjoy-132513","title":"Aeron Greyjoy","description":"Astapor","body":"Knowledge could be more valuable than gold, more deadly than a dagger.","tagList":[],"createdAt":"2023-02-01T18:13:16.517Z","updatedAt":"2023-02-01T18:13:16.517Z","favorited":false,"favoritesCount":0,"author":{"username":"trabuch21","bio":null,"image":"https://api.realworld.io/images/smiley-cyrus.jpeg","following":false}},{"slug":"test22221-132513","title":"test22221","description":"asdasd","body":"asdadasd","tagList":[],"createdAt":"2023-01-31T19:30:43.042Z","updatedAt":"2023-01-31T19:30:43.042Z","favorited":true,"favoritesCount":1,"author":{"username":"trabuch21","bio":null,"image":"https://api.realworld.io/images/smiley-cyrus.jpeg","following":false}},{"slug":"Joss-the-Gloom-132513","title":"Joss the Gloom","description":"Myr","body":"Do the dead frighten you?","tagList":[],"createdAt":"2023-01-30T19:19:19.861Z","updatedAt":"2023-01-30T19:19:19.861Z","favorited":false,"favoritesCount":0,"author":{"username":"trabuch21","bio":null,"image":"https://api.realworld.io/images/smiley-cyrus.jpeg","following":false}},{"slug":"Daemon-Targaryen-132513","title":"Daemon Targaryen","description":"Sar Meel","body":"Nothing burns like the cold.","tagList":[],"createdAt":"2023-01-30T19:19:04.945Z","updatedAt":"2023-01-30T19:19:04.945Z","favorited":false,"favoritesCount":0,"author":{"username":"trabuch21","bio":null,"image":"https://api.realworld.io/images/smiley-cyrus.jpeg","following":false}},{"slug":"Jeffory-Mallister-132513","title":"Jeffory Mallister","description":"Pentos","body":"Hodor? Hodor.","tagList":[],"createdAt":"2023-01-30T19:18:43.198Z","updatedAt":"2023-01-30T19:18:43.198Z","favorited":false,"favoritesCount":0,"author":{"username":"trabuch21","bio":null,"image":"https://api.realworld.io/images/smiley-cyrus.jpeg","following":false}},{"slug":"Brandon-the-Bad-132513","title":"Brandon the Bad","description":"Lys","body":"Nothing burns like the cold.","tagList":[],"createdAt":"2023-01-30T19:18:43.184Z","updatedAt":"2023-01-30T19:18:43.184Z","favorited":false,"favoritesCount":0,"author":{"username":"trabuch21","bio":null,"image":"https://api.realworld.io/images/smiley-cyrus.jpeg","following":false}}],"articlesCount":222}
  {"articles":"#[10]","articlesCount":220}

    $.articlesCount | not equal (NUMBER:NUMBER)
    222
    220

classpath:conduitApp/features/HomePage.feature:25
match failed: EQUALS
  $ | not equal (NUMBER:NUMBER)
  0
  1

classpath:conduitApp/features/HomePage.feature:44
too many retry attempts: 10
classpath:conduitApp/features/HomePage.feature:52
status code was: 500, expected: 200, response time in milliseconds: 420, url: https://api.realworld.io/api/articles/Haldon-132513/favorite, response: 
"\nInvalid `prisma.article.update()` invocation:\n\n\nQuery interpretation error. Error for binding '0': AssertionError(\"Required exactly one parent ID to be present for connect query, found 0.\")"
classpath:conduitApp/features/HomeWork.feature:29
<<<

HTML report: (paste into browser to view) | Karate version: 1.3.1
file:///usr/src/app/target/karate-reports/karate-summary.html
===================================================================

]]></system-out>
    <system-err><![CDATA[Feb 03, 2023 11:11:12 PM net.masterthought.cucumber.ReportParser parseJsonFiles
INFO: File '/usr/src/app/target/karate-reports/conduitApp.features.Articles.Feature.json' contains 1 features
Feb 03, 2023 11:11:12 PM net.masterthought.cucumber.ReportParser parseJsonFiles
INFO: File '/usr/src/app/target/karate-reports/conduitApp.features.HomePage.json' contains 1 features
Feb 03, 2023 11:11:12 PM net.masterthought.cucumber.ReportParser parseJsonFiles
INFO: File '/usr/src/app/target/karate-reports/conduitApp.features.HomeWork.json' contains 1 features
Feb 03, 2023 11:11:12 PM net.masterthought.cucumber.ReportParser parseJsonFiles
INFO: File '/usr/src/app/target/karate-reports/conduitApp.features.Hooks.json' contains 1 features
Feb 03, 2023 11:11:12 PM net.masterthought.cucumber.ReportParser parseJsonFiles
INFO: File '/usr/src/app/target/karate-reports/conduitApp.features.SigUp.json' contains 1 features
]]></system-err>
  </testcase>
</testsuite>